{"target": 0.051596380285391666, "params": {"l2_norm": 22200.09511580286, "topK": 436.6588300269144}, "datetime": {"datetime": "2020-11-18 09:16:56", "elapsed": 0.0, "delta": 0.0}}
{"target": 0.0513863394916543, "params": {"l2_norm": 20672.708814787304, "topK": 460.11934488958155}, "datetime": {"datetime": "2020-11-18 09:28:45", "elapsed": 709.665422, "delta": 709.665422}}
{"target": 0.05149868058520089, "params": {"l2_norm": 48841.63046829412, "topK": 309.7544928222964}, "datetime": {"datetime": "2020-11-18 09:40:25", "elapsed": 1409.468616, "delta": 699.803194}}
{"target": 0.05165050766223652, "params": {"l2_norm": 44246.36251019549, "topK": 280.32586390725896}, "datetime": {"datetime": "2020-11-18 09:52:01", "elapsed": 2105.554788, "delta": 696.086172}}
{"target": 0.0513570795871835, "params": {"l2_norm": 22193.821761333336, "topK": 436.3513246533474}, "datetime": {"datetime": "2020-11-18 10:03:55", "elapsed": 2819.145976, "delta": 713.591188}}
