{"target": 0.017817854580399597, "params": {"shrink": 44.398634217947894, "topK": 436.6588300269144}, "datetime": {"datetime": "2020-11-17 18:28:30", "elapsed": 0.0, "delta": 0.0}}
{"target": 0.017855177663500234, "params": {"shrink": 41.34383106788528, "topK": 460.11934488958155}, "datetime": {"datetime": "2020-11-17 18:28:42", "elapsed": 12.300087, "delta": 12.300087}}
{"target": 0.01884013785440287, "params": {"shrink": 97.68223775896583, "topK": 309.7544928222964}, "datetime": {"datetime": "2020-11-17 18:28:54", "elapsed": 24.001683, "delta": 11.701596}}
{"target": 0.01984326046942791, "params": {"shrink": 153.1815712960631, "topK": 264.0248140577422}, "datetime": {"datetime": "2020-11-17 18:29:05", "elapsed": 35.430208, "delta": 11.428525}}
{"target": 0.02046354552516652, "params": {"shrink": 59.36010031524439, "topK": 101.9834020440133}, "datetime": {"datetime": "2020-11-17 18:29:16", "elapsed": 46.055931, "delta": 10.625723}}
{"target": 0.018236811024255884, "params": {"shrink": 16.148253752974973, "topK": 371.8357451374953}, "datetime": {"datetime": "2020-11-17 18:29:28", "elapsed": 57.924665, "delta": 11.868734}}
{"target": 0.020620139911300503, "params": {"shrink": 88.26184457919062, "topK": 87.5718351791991}, "datetime": {"datetime": "2020-11-17 18:29:38", "elapsed": 68.753545, "delta": 10.82888}}
{"target": 0.020672099943134015, "params": {"shrink": 175.98740624025578, "topK": 144.30236637619007}, "datetime": {"datetime": "2020-11-17 18:29:50", "elapsed": 80.280998, "delta": 11.527453}}
{"target": 0.020030263132416088, "params": {"shrink": 82.84700381621026, "topK": 155.07916703948752}, "datetime": {"datetime": "2020-11-17 18:30:02", "elapsed": 91.922545, "delta": 11.641547}}
{"target": 0.019062898399541804, "params": {"shrink": 125.75758177589667, "topK": 294.1205269928771}, "datetime": {"datetime": "2020-11-17 18:30:14", "elapsed": 104.334848, "delta": 12.412303}}
{"target": 0.020642273473832923, "params": {"shrink": 175.44243030953209, "topK": 144.85069798258235}, "datetime": {"datetime": "2020-11-17 18:30:26", "elapsed": 116.025435, "delta": 11.690587}}
{"target": 0.02113439051253892, "params": {"shrink": 199.69014311177878, "topK": 61.31018934001557}, "datetime": {"datetime": "2020-11-17 18:30:37", "elapsed": 127.352714, "delta": 11.327279}}
{"target": 0.020134356793638453, "params": {"shrink": 5.704900634978105, "topK": 10.61397907828826}, "datetime": {"datetime": "2020-11-17 18:30:47", "elapsed": 137.580148, "delta": 10.227434}}
{"target": 0.020038865169386483, "params": {"shrink": 134.2077732200301, "topK": 10.131458459506941}, "datetime": {"datetime": "2020-11-17 18:30:57", "elapsed": 147.846557, "delta": 10.266409}}
{"target": 0.020621832312777606, "params": {"shrink": 199.8722467707712, "topK": 108.68116798271409}, "datetime": {"datetime": "2020-11-17 18:31:08", "elapsed": 158.632402, "delta": 10.785845}}
{"target": 0.020940796956050854, "params": {"shrink": 153.19922644568635, "topK": 81.40692754401427}, "datetime": {"datetime": "2020-11-17 18:31:19", "elapsed": 169.806575, "delta": 11.174173}}
{"target": 0.020653825551243652, "params": {"shrink": 199.87211151447798, "topK": 14.455788624307651}, "datetime": {"datetime": "2020-11-17 18:31:30", "elapsed": 180.065988, "delta": 10.259413}}
{"target": 0.01850433011165786, "params": {"shrink": 199.53021591935382, "topK": 499.04712794113675}, "datetime": {"datetime": "2020-11-17 18:31:42", "elapsed": 192.644304, "delta": 12.578316}}
{"target": 0.01944615445443221, "params": {"shrink": 0.8295534726637133, "topK": 180.31554064178664}, "datetime": {"datetime": "2020-11-17 18:31:53", "elapsed": 203.767417, "delta": 11.123113}}
{"target": 0.02017748084685957, "params": {"shrink": 199.74517799123268, "topK": 215.21121957538537}, "datetime": {"datetime": "2020-11-17 18:32:05", "elapsed": 215.074698, "delta": 11.307281}}
