{"target": 0.03042548964852111, "params": {"shrink": 44.398634217947894, "topK": 436.6588300269144}, "datetime": {"datetime": "2020-11-17 18:17:55", "elapsed": 0.0, "delta": 0.0}}
{"target": 0.029702868736076936, "params": {"shrink": 41.34383106788528, "topK": 460.11934488958155}, "datetime": {"datetime": "2020-11-17 18:18:06", "elapsed": 10.805862, "delta": 10.805862}}
{"target": 0.029702375194677423, "params": {"shrink": 97.68223775896583, "topK": 309.7544928222964}, "datetime": {"datetime": "2020-11-17 18:18:16", "elapsed": 20.960188, "delta": 10.154326}}
{"target": 0.02941649881563475, "params": {"shrink": 153.1815712960631, "topK": 264.0248140577422}, "datetime": {"datetime": "2020-11-17 18:18:26", "elapsed": 30.939226, "delta": 9.979038}}
{"target": 0.028373421902912265, "params": {"shrink": 59.36010031524439, "topK": 101.9834020440133}, "datetime": {"datetime": "2020-11-17 18:18:36", "elapsed": 40.277884, "delta": 9.338658}}
{"target": 0.0291410861123923, "params": {"shrink": 16.148253752974973, "topK": 371.8357451374953}, "datetime": {"datetime": "2020-11-17 18:18:46", "elapsed": 50.756478, "delta": 10.478594}}
{"target": 0.02805347722024425, "params": {"shrink": 88.26184457919062, "topK": 87.5718351791991}, "datetime": {"datetime": "2020-11-17 18:18:55", "elapsed": 59.729837, "delta": 8.973359}}
{"target": 0.029040783787120827, "params": {"shrink": 175.98740624025578, "topK": 144.30236637619007}, "datetime": {"datetime": "2020-11-17 18:19:04", "elapsed": 69.070496, "delta": 9.340659}}
{"target": 0.028900303927366405, "params": {"shrink": 82.84700381621026, "topK": 155.07916703948752}, "datetime": {"datetime": "2020-11-17 18:19:14", "elapsed": 78.592304, "delta": 9.521808}}
{"target": 0.029079691887733405, "params": {"shrink": 125.75758177589667, "topK": 294.1205269928771}, "datetime": {"datetime": "2020-11-17 18:19:24", "elapsed": 88.823695, "delta": 10.231391}}
{"target": 0.028968464348031592, "params": {"shrink": 42.471478535587195, "topK": 436.452627907739}, "datetime": {"datetime": "2020-11-17 18:19:35", "elapsed": 99.67182, "delta": 10.848125}}
{"target": 0.027546261386725085, "params": {"shrink": 3.585905745755702, "topK": 58.64922329418704}, "datetime": {"datetime": "2020-11-17 18:19:44", "elapsed": 108.573121, "delta": 8.901301}}
{"target": 0.02890879346551852, "params": {"shrink": 18.38242630774376, "topK": 489.7261741977245}, "datetime": {"datetime": "2020-11-17 18:19:55", "elapsed": 119.598162, "delta": 11.025041}}
{"target": 0.02901645100545377, "params": {"shrink": 106.71373120118417, "topK": 308.6941070448789}, "datetime": {"datetime": "2020-11-17 18:20:05", "elapsed": 129.820535, "delta": 10.222373}}
{"target": 0.028502990718895005, "params": {"shrink": 21.945490743828344, "topK": 129.87133170137076}, "datetime": {"datetime": "2020-11-17 18:20:15", "elapsed": 139.129178, "delta": 9.308643}}
{"target": 0.02912505688946445, "params": {"shrink": 150.07443189223503, "topK": 473.99430484734654}, "datetime": {"datetime": "2020-11-17 18:20:25", "elapsed": 150.100175, "delta": 10.970997}}
{"target": 0.028618911793145154, "params": {"shrink": 98.19582698574207, "topK": 191.56555939559766}, "datetime": {"datetime": "2020-11-17 18:20:35", "elapsed": 159.784107, "delta": 9.683932}}
{"target": 0.029099385637385095, "params": {"shrink": 140.07771725957588, "topK": 402.556538758211}, "datetime": {"datetime": "2020-11-17 18:20:46", "elapsed": 170.511914, "delta": 10.727807}}
{"target": 0.029159968752551776, "params": {"shrink": 196.15553186058352, "topK": 478.244842302247}, "datetime": {"datetime": "2020-11-17 18:20:57", "elapsed": 181.459892, "delta": 10.947978}}
{"target": 0.029086125674187897, "params": {"shrink": 153.1299260508219, "topK": 263.89761414463646}, "datetime": {"datetime": "2020-11-17 18:21:07", "elapsed": 191.742314, "delta": 10.282422}}
