{"target": 0.0289684080007974, "params": {"shrink": 44.398634217947894, "topK": 436.6588300269144}, "datetime": {"datetime": "2020-11-17 18:21:18", "elapsed": 0.0, "delta": 0.0}}
{"target": 0.02894985983849088, "params": {"shrink": 41.34383106788528, "topK": 460.11934488958155}, "datetime": {"datetime": "2020-11-17 18:21:29", "elapsed": 11.110102, "delta": 11.110102}}
{"target": 0.028972577640227908, "params": {"shrink": 97.68223775896583, "topK": 309.7544928222964}, "datetime": {"datetime": "2020-11-17 18:21:40", "elapsed": 21.33849, "delta": 10.228388}}
{"target": 0.029066440141841142, "params": {"shrink": 153.1815712960631, "topK": 264.0248140577422}, "datetime": {"datetime": "2020-11-17 18:21:50", "elapsed": 31.509587, "delta": 10.171097}}
{"target": 0.02823519157232304, "params": {"shrink": 59.36010031524439, "topK": 101.9834020440133}, "datetime": {"datetime": "2020-11-17 18:21:59", "elapsed": 40.633078, "delta": 9.123491}}
{"target": 0.02909512202999761, "params": {"shrink": 16.148253752974973, "topK": 371.8357451374953}, "datetime": {"datetime": "2020-11-17 18:22:09", "elapsed": 51.112675, "delta": 10.479597}}
{"target": 0.028064783840606004, "params": {"shrink": 88.26184457919062, "topK": 87.5718351791991}, "datetime": {"datetime": "2020-11-17 18:22:19", "elapsed": 60.219143, "delta": 9.106468}}
{"target": 0.02900723605256137, "params": {"shrink": 175.98740624025578, "topK": 144.30236637619007}, "datetime": {"datetime": "2020-11-17 18:22:28", "elapsed": 69.503768, "delta": 9.284625}}
{"target": 0.02889592997331194, "params": {"shrink": 82.84700381621026, "topK": 155.07916703948752}, "datetime": {"datetime": "2020-11-17 18:22:37", "elapsed": 78.956519, "delta": 9.452751}}
{"target": 0.029087052245200258, "params": {"shrink": 125.75758177589667, "topK": 294.1205269928771}, "datetime": {"datetime": "2020-11-17 18:22:47", "elapsed": 89.043792, "delta": 10.087273}}
{"target": 0.02903580443569898, "params": {"shrink": 127.00058739028468, "topK": 295.08810401749076}, "datetime": {"datetime": "2020-11-17 18:22:58", "elapsed": 99.244156, "delta": 10.200364}}
{"target": 0.029044533980646756, "params": {"shrink": 109.8523183924329, "topK": 267.49824783992847}, "datetime": {"datetime": "2020-11-17 18:23:08", "elapsed": 109.302395, "delta": 10.058239}}
{"target": 0.028858012225650407, "params": {"shrink": 3.799684826471905, "topK": 407.76985656576375}, "datetime": {"datetime": "2020-11-17 18:23:18", "elapsed": 120.099368, "delta": 10.796973}}
{"target": 0.029109736898217074, "params": {"shrink": 50.76526096815268, "topK": 375.05816540817057}, "datetime": {"datetime": "2020-11-17 18:23:29", "elapsed": 130.698951, "delta": 10.599583}}
{"target": 0.028994026399394697, "params": {"shrink": 36.99376120267151, "topK": 340.7995473891641}, "datetime": {"datetime": "2020-11-17 18:23:39", "elapsed": 141.055444, "delta": 10.356493}}
{"target": 0.029043415420967906, "params": {"shrink": 79.94075823198668, "topK": 399.8188596456754}, "datetime": {"datetime": "2020-11-17 18:23:50", "elapsed": 151.619098, "delta": 10.563654}}
{"target": 0.028990543044680746, "params": {"shrink": 156.9950793109537, "topK": 223.1725501682409}, "datetime": {"datetime": "2020-11-17 18:24:00", "elapsed": 161.405132, "delta": 9.786034}}
{"target": 0.029247057064453946, "params": {"shrink": 86.7984819307489, "topK": 363.11997612166925}, "datetime": {"datetime": "2020-11-17 18:24:10", "elapsed": 171.89073, "delta": 10.485598}}
{"target": 0.029261094569173033, "params": {"shrink": 114.79036221245423, "topK": 373.8209364423225}, "datetime": {"datetime": "2020-11-17 18:24:21", "elapsed": 182.384327, "delta": 10.493597}}
{"target": 0.029083271502305746, "params": {"shrink": 132.28230185362918, "topK": 402.054822332953}, "datetime": {"datetime": "2020-11-17 18:24:31", "elapsed": 193.001033, "delta": 10.616706}}
