{"target": 0.023934261688674702, "params": {"shrink": 44.398634217947894, "topK": 436.6588300269144}, "datetime": {"datetime": "2020-11-17 19:34:35", "elapsed": 0.0, "delta": 0.0}}
{"target": 0.0240452789883489, "params": {"shrink": 41.34383106788528, "topK": 460.11934488958155}, "datetime": {"datetime": "2020-11-17 19:35:20", "elapsed": 44.721803, "delta": 44.721803}}
{"target": 0.024726376265543224, "params": {"shrink": 97.68223775896583, "topK": 309.7544928222964}, "datetime": {"datetime": "2020-11-17 19:36:00", "elapsed": 85.529609, "delta": 40.807806}}
{"target": 0.025332004863437105, "params": {"shrink": 153.1815712960631, "topK": 264.0248140577422}, "datetime": {"datetime": "2020-11-17 19:36:39", "elapsed": 124.607656, "delta": 39.078047}}
{"target": 0.02767603093972963, "params": {"shrink": 59.36010031524439, "topK": 101.9834020440133}, "datetime": {"datetime": "2020-11-17 19:37:14", "elapsed": 158.976829, "delta": 34.369173}}
{"target": 0.02422546900240262, "params": {"shrink": 16.148253752974973, "topK": 371.8357451374953}, "datetime": {"datetime": "2020-11-17 19:37:56", "elapsed": 201.1214, "delta": 42.144571}}
{"target": 0.02771781403498697, "params": {"shrink": 88.26184457919062, "topK": 87.5718351791991}, "datetime": {"datetime": "2020-11-17 19:38:30", "elapsed": 235.145433, "delta": 34.024033}}
{"target": 0.02652992330492982, "params": {"shrink": 175.98740624025578, "topK": 144.30236637619007}, "datetime": {"datetime": "2020-11-17 19:39:05", "elapsed": 270.640551, "delta": 35.495118}}
{"target": 0.025774442815293824, "params": {"shrink": 82.84700381621026, "topK": 155.07916703948752}, "datetime": {"datetime": "2020-11-17 19:39:41", "elapsed": 306.603185, "delta": 35.962634}}
{"target": 0.02473639570377383, "params": {"shrink": 125.75758177589667, "topK": 294.1205269928771}, "datetime": {"datetime": "2020-11-17 19:40:21", "elapsed": 346.550933, "delta": 39.947748}}
{"target": 0.02753012324258117, "params": {"shrink": 60.72925292872853, "topK": 100.94349123605446}, "datetime": {"datetime": "2020-11-17 19:40:56", "elapsed": 380.77601, "delta": 34.225077}}
{"target": 0.027901728388800884, "params": {"shrink": 35.21158935493061, "topK": 119.71016654714877}, "datetime": {"datetime": "2020-11-17 19:41:30", "elapsed": 415.496473, "delta": 34.720463}}
{"target": 0.027514078088143712, "params": {"shrink": 26.881090903397563, "topK": 89.78102372265388}, "datetime": {"datetime": "2020-11-17 19:42:05", "elapsed": 449.92286, "delta": 34.426387}}
{"target": 0.028106325252066643, "params": {"shrink": 125.50179411045815, "topK": 79.76590587592081}, "datetime": {"datetime": "2020-11-17 19:42:38", "elapsed": 483.354276, "delta": 33.431416}}
{"target": 0.028668926140447866, "params": {"shrink": 106.96040759635189, "topK": 46.24867701033255}, "datetime": {"datetime": "2020-11-17 19:43:10", "elapsed": 515.607725, "delta": 32.253449}}
{"target": 0.0289022960368754, "params": {"shrink": 143.48717500312475, "topK": 31.472133456571616}, "datetime": {"datetime": "2020-11-17 19:43:42", "elapsed": 547.288705, "delta": 31.68098}}
{"target": 0.027843570999706347, "params": {"shrink": 114.51584899977792, "topK": 10.03868425913687}, "datetime": {"datetime": "2020-11-17 19:44:13", "elapsed": 578.247084, "delta": 30.958379}}
{"target": 0.028782475432158675, "params": {"shrink": 187.14959678986128, "topK": 45.091234724042685}, "datetime": {"datetime": "2020-11-17 19:44:45", "elapsed": 610.395456, "delta": 32.148372}}
{"target": 0.027843570999706347, "params": {"shrink": 188.86695362883296, "topK": 10.019139583109054}, "datetime": {"datetime": "2020-11-17 19:45:16", "elapsed": 641.243755, "delta": 30.848299}}
{"target": 0.02764535336446204, "params": {"shrink": 197.75164609514496, "topK": 84.2620655701901}, "datetime": {"datetime": "2020-11-17 19:45:50", "elapsed": 674.828286, "delta": 33.584531}}
