{"target": 0.03140206125673286, "params": {"shrink": 44.398634217947894, "topK": 436.6588300269144}, "datetime": {"datetime": "2020-11-17 18:35:59", "elapsed": 0.0, "delta": 0.0}}
{"target": 0.03125621080121916, "params": {"shrink": 41.34383106788528, "topK": 460.11934488958155}, "datetime": {"datetime": "2020-11-17 18:36:10", "elapsed": 11.106108, "delta": 11.106108}}
{"target": 0.030529831673594215, "params": {"shrink": 97.68223775896583, "topK": 309.7544928222964}, "datetime": {"datetime": "2020-11-17 18:36:20", "elapsed": 21.606718, "delta": 10.50061}}
{"target": 0.030262638902640263, "params": {"shrink": 153.1815712960631, "topK": 264.0248140577422}, "datetime": {"datetime": "2020-11-17 18:36:31", "elapsed": 31.999091, "delta": 10.392373}}
{"target": 0.03127748545973036, "params": {"shrink": 59.36010031524439, "topK": 101.9834020440133}, "datetime": {"datetime": "2020-11-17 18:36:40", "elapsed": 41.458848, "delta": 9.459757}}
{"target": 0.03162225571081446, "params": {"shrink": 16.148253752974973, "topK": 371.8357451374953}, "datetime": {"datetime": "2020-11-17 18:36:51", "elapsed": 52.21566, "delta": 10.756812}}
{"target": 0.03129675216107296, "params": {"shrink": 88.26184457919062, "topK": 87.5718351791991}, "datetime": {"datetime": "2020-11-17 18:37:00", "elapsed": 61.711448, "delta": 9.495788}}
{"target": 0.030899512013945786, "params": {"shrink": 175.98740624025578, "topK": 144.30236637619007}, "datetime": {"datetime": "2020-11-17 18:37:10", "elapsed": 71.634594, "delta": 9.923146}}
{"target": 0.03132554355739587, "params": {"shrink": 82.84700381621026, "topK": 155.07916703948752}, "datetime": {"datetime": "2020-11-17 18:37:20", "elapsed": 81.419619, "delta": 9.785025}}
{"target": 0.030362004650793348, "params": {"shrink": 125.75758177589667, "topK": 294.1205269928771}, "datetime": {"datetime": "2020-11-17 18:37:30", "elapsed": 91.864174, "delta": 10.444555}}
{"target": 0.03181602705736044, "params": {"shrink": 15.389185598641596, "topK": 369.9213348481967}, "datetime": {"datetime": "2020-11-17 18:37:42", "elapsed": 103.176461, "delta": 11.312287}}
{"target": 0.03211915248192122, "params": {"shrink": 18.433922365003763, "topK": 363.7367954171616}, "datetime": {"datetime": "2020-11-17 18:37:52", "elapsed": 113.94329, "delta": 10.766829}}
{"target": 0.03196370759613482, "params": {"shrink": 6.454960070624405, "topK": 357.7731251759807}, "datetime": {"datetime": "2020-11-17 18:38:03", "elapsed": 124.703104, "delta": 10.759814}}
{"target": 0.032090580185781245, "params": {"shrink": 21.67406562323315, "topK": 347.152228491657}, "datetime": {"datetime": "2020-11-17 18:38:14", "elapsed": 135.424035, "delta": 10.720931}}
{"target": 0.0313990670832158, "params": {"shrink": 41.89151829120754, "topK": 348.7493431347005}, "datetime": {"datetime": "2020-11-17 18:38:25", "elapsed": 146.143826, "delta": 10.719791}}
{"target": 0.03202798640229435, "params": {"shrink": 11.242703686171929, "topK": 327.44218905251927}, "datetime": {"datetime": "2020-11-17 18:38:35", "elapsed": 156.754526, "delta": 10.6107}}
{"target": 0.03170946267053864, "params": {"shrink": 29.015420976671624, "topK": 316.54820020241453}, "datetime": {"datetime": "2020-11-17 18:38:46", "elapsed": 167.323194, "delta": 10.568668}}
{"target": 0.03039402807527772, "params": {"shrink": 0.32328195401123416, "topK": 307.0409901760494}, "datetime": {"datetime": "2020-11-17 18:38:56", "elapsed": 177.799785, "delta": 10.476591}}
{"target": 0.03206003101289164, "params": {"shrink": 5.691401009406349, "topK": 340.31314781514993}, "datetime": {"datetime": "2020-11-17 18:39:07", "elapsed": 188.517575, "delta": 10.71779}}
{"target": 0.03077946859169389, "params": {"shrink": 94.99498862018648, "topK": 427.3672412075425}, "datetime": {"datetime": "2020-11-17 18:39:18", "elapsed": 199.496578, "delta": 10.979003}}
