{"target": 0.016912857766925114, "params": {"shrink": 44.398634217947894, "topK": 436.6588300269144}, "datetime": {"datetime": "2020-11-17 18:24:44", "elapsed": 0.0, "delta": 0.0}}
{"target": 0.01744923882824406, "params": {"shrink": 41.34383106788528, "topK": 460.11934488958155}, "datetime": {"datetime": "2020-11-17 18:24:56", "elapsed": 12.34012, "delta": 12.34012}}
{"target": 0.01870052701657581, "params": {"shrink": 97.68223775896583, "topK": 309.7544928222964}, "datetime": {"datetime": "2020-11-17 18:25:08", "elapsed": 24.330953, "delta": 11.990833}}
{"target": 0.01879087589360675, "params": {"shrink": 153.1815712960631, "topK": 264.0248140577422}, "datetime": {"datetime": "2020-11-17 18:25:20", "elapsed": 36.062614, "delta": 11.731661}}
{"target": 0.019533279464706645, "params": {"shrink": 59.36010031524439, "topK": 101.9834020440133}, "datetime": {"datetime": "2020-11-17 18:25:30", "elapsed": 46.665308, "delta": 10.602694}}
{"target": 0.016514024329081077, "params": {"shrink": 16.148253752974973, "topK": 371.8357451374953}, "datetime": {"datetime": "2020-11-17 18:25:42", "elapsed": 58.58209, "delta": 11.916782}}
{"target": 0.01951500976841912, "params": {"shrink": 88.26184457919062, "topK": 87.5718351791991}, "datetime": {"datetime": "2020-11-17 18:25:53", "elapsed": 69.307894, "delta": 10.725804}}
{"target": 0.018923275990407728, "params": {"shrink": 175.98740624025578, "topK": 144.30236637619007}, "datetime": {"datetime": "2020-11-17 18:26:04", "elapsed": 80.327931, "delta": 11.020037}}
{"target": 0.018415737669592862, "params": {"shrink": 82.84700381621026, "topK": 155.07916703948752}, "datetime": {"datetime": "2020-11-17 18:26:15", "elapsed": 91.44806, "delta": 11.120129}}
{"target": 0.018839636934198857, "params": {"shrink": 125.75758177589667, "topK": 294.1205269928771}, "datetime": {"datetime": "2020-11-17 18:26:27", "elapsed": 103.10562, "delta": 11.65756}}
{"target": 0.019598237009078073, "params": {"shrink": 60.72925292872853, "topK": 100.94349123605446}, "datetime": {"datetime": "2020-11-17 18:26:38", "elapsed": 113.875442, "delta": 10.769822}}
{"target": 0.019948883331978307, "params": {"shrink": 48.141090785280085, "topK": 45.41097401360726}, "datetime": {"datetime": "2020-11-17 18:26:48", "elapsed": 124.42812, "delta": 10.552678}}
{"target": 0.01815359650085464, "params": {"shrink": 3.6127082348049733, "topK": 12.021026373688656}, "datetime": {"datetime": "2020-11-17 18:26:58", "elapsed": 134.752578, "delta": 10.324458}}
{"target": 0.02035535098155538, "params": {"shrink": 93.90901973649575, "topK": 11.692706691980131}, "datetime": {"datetime": "2020-11-17 18:27:09", "elapsed": 144.970158, "delta": 10.21758}}
{"target": 0.019905383658479204, "params": {"shrink": 153.91273972000903, "topK": 10.000589569733688}, "datetime": {"datetime": "2020-11-17 18:27:20", "elapsed": 155.886111, "delta": 10.915953}}
{"target": 0.01978447143790003, "params": {"shrink": 198.51788922872825, "topK": 56.399516938365}, "datetime": {"datetime": "2020-11-17 18:27:30", "elapsed": 166.368706, "delta": 10.482595}}
{"target": 0.017666374907619607, "params": {"shrink": 199.12009889359976, "topK": 496.04117172897764}, "datetime": {"datetime": "2020-11-17 18:27:43", "elapsed": 178.873952, "delta": 12.505246}}
{"target": 0.018430790179177935, "params": {"shrink": 198.82106535495413, "topK": 349.0359415509987}, "datetime": {"datetime": "2020-11-17 18:27:54", "elapsed": 190.744696, "delta": 11.870744}}
{"target": 0.02027151473797687, "params": {"shrink": 119.11188722996727, "topK": 36.93710497870728}, "datetime": {"datetime": "2020-11-17 18:28:05", "elapsed": 201.818777, "delta": 11.074081}}
{"target": 0.016964320232556656, "params": {"shrink": 2.0692545772036386, "topK": 241.49619865195046}, "datetime": {"datetime": "2020-11-17 18:28:17", "elapsed": 213.724531, "delta": 11.905754}}
