{"target": 0.03140206125673286, "params": {"shrink": 44.398634217947894, "topK": 436.6588300269144}, "datetime": {"datetime": "2020-11-17 18:43:03", "elapsed": 0.0, "delta": 0.0}}
{"target": 0.03125621080121916, "params": {"shrink": 41.34383106788528, "topK": 460.11934488958155}, "datetime": {"datetime": "2020-11-17 18:43:15", "elapsed": 11.601513, "delta": 11.601513}}
{"target": 0.030529831673594215, "params": {"shrink": 97.68223775896583, "topK": 309.7544928222964}, "datetime": {"datetime": "2020-11-17 18:43:25", "elapsed": 22.044077, "delta": 10.442564}}
{"target": 0.030262638902640263, "params": {"shrink": 153.1815712960631, "topK": 264.0248140577422}, "datetime": {"datetime": "2020-11-17 18:43:36", "elapsed": 32.795893, "delta": 10.751816}}
{"target": 0.03127748545973036, "params": {"shrink": 59.36010031524439, "topK": 101.9834020440133}, "datetime": {"datetime": "2020-11-17 18:43:46", "elapsed": 42.164577, "delta": 9.368684}}
{"target": 0.03162225571081446, "params": {"shrink": 16.148253752974973, "topK": 371.8357451374953}, "datetime": {"datetime": "2020-11-17 18:43:57", "elapsed": 53.419807, "delta": 11.25523}}
{"target": 0.03129675216107296, "params": {"shrink": 88.26184457919062, "topK": 87.5718351791991}, "datetime": {"datetime": "2020-11-17 18:44:07", "elapsed": 63.402994, "delta": 9.983187}}
{"target": 0.030899512013945786, "params": {"shrink": 175.98740624025578, "topK": 144.30236637619007}, "datetime": {"datetime": "2020-11-17 18:44:17", "elapsed": 73.245065, "delta": 9.842071}}
{"target": 0.03132554355739587, "params": {"shrink": 82.84700381621026, "topK": 155.07916703948752}, "datetime": {"datetime": "2020-11-17 18:44:26", "elapsed": 82.93301, "delta": 9.687945}}
{"target": 0.030362004650793348, "params": {"shrink": 125.75758177589667, "topK": 294.1205269928771}, "datetime": {"datetime": "2020-11-17 18:44:37", "elapsed": 93.972062, "delta": 11.039052}}
{"target": 0.03181602705736044, "params": {"shrink": 15.389185598641596, "topK": 369.9213348481967}, "datetime": {"datetime": "2020-11-17 18:44:48", "elapsed": 104.773064, "delta": 10.801002}}
{"target": 0.03211915248192122, "params": {"shrink": 18.433922365003763, "topK": 363.7367954171616}, "datetime": {"datetime": "2020-11-17 18:44:59", "elapsed": 115.563047, "delta": 10.789983}}
{"target": 0.03196370759613482, "params": {"shrink": 6.454960070624405, "topK": 357.7731251759807}, "datetime": {"datetime": "2020-11-17 18:45:10", "elapsed": 126.204764, "delta": 10.641717}}
{"target": 0.032090580185781245, "params": {"shrink": 21.67406562323315, "topK": 347.152228491657}, "datetime": {"datetime": "2020-11-17 18:45:20", "elapsed": 136.920562, "delta": 10.715798}}
{"target": 0.0313990670832158, "params": {"shrink": 41.89151829120754, "topK": 348.7493431347005}, "datetime": {"datetime": "2020-11-17 18:45:31", "elapsed": 147.58731, "delta": 10.666748}}
{"target": 0.03202798640229435, "params": {"shrink": 11.242703686171929, "topK": 327.44218905251927}, "datetime": {"datetime": "2020-11-17 18:45:42", "elapsed": 158.353139, "delta": 10.765829}}
{"target": 0.03170946267053864, "params": {"shrink": 29.015420976671624, "topK": 316.54820020241453}, "datetime": {"datetime": "2020-11-17 18:45:52", "elapsed": 168.911787, "delta": 10.558648}}
{"target": 0.03039402807527772, "params": {"shrink": 0.32328195401123416, "topK": 307.0409901760494}, "datetime": {"datetime": "2020-11-17 18:46:03", "elapsed": 179.385385, "delta": 10.473598}}
{"target": 0.03206003101289164, "params": {"shrink": 5.691401009406349, "topK": 340.31314781514993}, "datetime": {"datetime": "2020-11-17 18:46:13", "elapsed": 190.083498, "delta": 10.698113}}
{"target": 0.03077946859169389, "params": {"shrink": 94.99498862018648, "topK": 427.3672412075425}, "datetime": {"datetime": "2020-11-17 18:46:25", "elapsed": 201.11055, "delta": 11.027052}}
