{"target": 0.03140206125673286, "params": {"shrink": 44.398634217947894, "topK": 436.6588300269144}, "datetime": {"datetime": "2020-11-17 18:46:36", "elapsed": 0.0, "delta": 0.0}}
{"target": 0.03125621080121916, "params": {"shrink": 41.34383106788528, "topK": 460.11934488958155}, "datetime": {"datetime": "2020-11-17 18:46:47", "elapsed": 11.18118, "delta": 11.18118}}
{"target": 0.030529831673594215, "params": {"shrink": 97.68223775896583, "topK": 309.7544928222964}, "datetime": {"datetime": "2020-11-17 18:46:57", "elapsed": 21.664779, "delta": 10.483599}}
{"target": 0.030262638902640263, "params": {"shrink": 153.1815712960631, "topK": 264.0248140577422}, "datetime": {"datetime": "2020-11-17 18:47:08", "elapsed": 32.064506, "delta": 10.399727}}
{"target": 0.03127748545973036, "params": {"shrink": 59.36010031524439, "topK": 101.9834020440133}, "datetime": {"datetime": "2020-11-17 18:47:17", "elapsed": 41.61833, "delta": 9.553824}}
{"target": 0.03162225571081446, "params": {"shrink": 16.148253752974973, "topK": 371.8357451374953}, "datetime": {"datetime": "2020-11-17 18:47:28", "elapsed": 52.415196, "delta": 10.796866}}
{"target": 0.03129675216107296, "params": {"shrink": 88.26184457919062, "topK": 87.5718351791991}, "datetime": {"datetime": "2020-11-17 18:47:38", "elapsed": 62.288285, "delta": 9.873089}}
{"target": 0.030899512013945786, "params": {"shrink": 175.98740624025578, "topK": 144.30236637619007}, "datetime": {"datetime": "2020-11-17 18:47:48", "elapsed": 72.055301, "delta": 9.767016}}
{"target": 0.03132554355739587, "params": {"shrink": 82.84700381621026, "topK": 155.07916703948752}, "datetime": {"datetime": "2020-11-17 18:47:57", "elapsed": 81.894359, "delta": 9.839058}}
{"target": 0.030362004650793348, "params": {"shrink": 125.75758177589667, "topK": 294.1205269928771}, "datetime": {"datetime": "2020-11-17 18:48:08", "elapsed": 92.41124, "delta": 10.516881}}
{"target": 0.03181602705736044, "params": {"shrink": 15.389185598641596, "topK": 369.9213348481967}, "datetime": {"datetime": "2020-11-17 18:48:19", "elapsed": 103.355356, "delta": 10.944116}}
{"target": 0.03211915248192122, "params": {"shrink": 18.433922365003763, "topK": 363.7367954171616}, "datetime": {"datetime": "2020-11-17 18:48:30", "elapsed": 114.358409, "delta": 11.003053}}
{"target": 0.03196370759613482, "params": {"shrink": 6.454960070624405, "topK": 357.7731251759807}, "datetime": {"datetime": "2020-11-17 18:48:41", "elapsed": 125.771142, "delta": 11.412733}}
{"target": 0.032090580185781245, "params": {"shrink": 21.67406562323315, "topK": 347.152228491657}, "datetime": {"datetime": "2020-11-17 18:48:53", "elapsed": 137.025692, "delta": 11.25455}}
{"target": 0.0313990670832158, "params": {"shrink": 41.89151829120754, "topK": 348.7493431347005}, "datetime": {"datetime": "2020-11-17 18:49:04", "elapsed": 148.381003, "delta": 11.355311}}
{"target": 0.03202798640229435, "params": {"shrink": 11.242703686171929, "topK": 327.44218905251927}, "datetime": {"datetime": "2020-11-17 18:49:15", "elapsed": 159.726296, "delta": 11.345293}}
{"target": 0.03170946267053864, "params": {"shrink": 29.015420976671624, "topK": 316.54820020241453}, "datetime": {"datetime": "2020-11-17 18:49:27", "elapsed": 171.12992, "delta": 11.403624}}
{"target": 0.03039402807527772, "params": {"shrink": 0.32328195401123416, "topK": 307.0409901760494}, "datetime": {"datetime": "2020-11-17 18:49:37", "elapsed": 181.93577, "delta": 10.80585}}
{"target": 0.03206003101289164, "params": {"shrink": 5.691401009406349, "topK": 340.31314781514993}, "datetime": {"datetime": "2020-11-17 18:49:48", "elapsed": 192.758646, "delta": 10.822876}}
{"target": 0.03077946859169389, "params": {"shrink": 94.99498862018648, "topK": 427.3672412075425}, "datetime": {"datetime": "2020-11-17 18:49:59", "elapsed": 203.852744, "delta": 11.094098}}
