{"target": 0.01163179924410634, "params": {"shrink": 44.398634217947894, "topK": 436.6588300269144}, "datetime": {"datetime": "2020-11-17 19:05:52", "elapsed": 0.0, "delta": 0.0}}
{"target": 0.011654632199913206, "params": {"shrink": 41.34383106788528, "topK": 460.11934488958155}, "datetime": {"datetime": "2020-11-17 19:06:04", "elapsed": 12.601334, "delta": 12.601334}}
{"target": 0.01185192027349339, "params": {"shrink": 97.68223775896583, "topK": 309.7544928222964}, "datetime": {"datetime": "2020-11-17 19:06:16", "elapsed": 24.622009, "delta": 12.020675}}
{"target": 0.011677805866426834, "params": {"shrink": 153.1815712960631, "topK": 264.0248140577422}, "datetime": {"datetime": "2020-11-17 19:06:28", "elapsed": 36.427689, "delta": 11.80568}}
{"target": 0.011647320112125638, "params": {"shrink": 59.36010031524439, "topK": 101.9834020440133}, "datetime": {"datetime": "2020-11-17 19:06:39", "elapsed": 47.534788, "delta": 11.107099}}
{"target": 0.011704269529437103, "params": {"shrink": 16.148253752974973, "topK": 371.8357451374953}, "datetime": {"datetime": "2020-11-17 19:06:51", "elapsed": 59.7338, "delta": 12.199012}}
{"target": 0.011672507661211463, "params": {"shrink": 88.26184457919062, "topK": 87.5718351791991}, "datetime": {"datetime": "2020-11-17 19:07:02", "elapsed": 70.673772, "delta": 10.939972}}
{"target": 0.011826879266346513, "params": {"shrink": 175.98740624025578, "topK": 144.30236637619007}, "datetime": {"datetime": "2020-11-17 19:07:14", "elapsed": 81.905983, "delta": 11.232211}}
{"target": 0.011738965115293168, "params": {"shrink": 82.84700381621026, "topK": 155.07916703948752}, "datetime": {"datetime": "2020-11-17 19:07:25", "elapsed": 93.262288, "delta": 11.356305}}
{"target": 0.011861178465062001, "params": {"shrink": 125.75758177589667, "topK": 294.1205269928771}, "datetime": {"datetime": "2020-11-17 19:07:37", "elapsed": 105.256125, "delta": 11.993837}}
{"target": 0.01187863906425849, "params": {"shrink": 126.02423593944592, "topK": 295.0711058882739}, "datetime": {"datetime": "2020-11-17 19:07:49", "elapsed": 117.172904, "delta": 11.916779}}
{"target": 0.011876539151534093, "params": {"shrink": 121.47380902804727, "topK": 301.84475405756615}, "datetime": {"datetime": "2020-11-17 19:08:01", "elapsed": 128.988593, "delta": 11.815689}}
{"target": 0.011876539151534093, "params": {"shrink": 135.56814183305116, "topK": 301.41760974644353}, "datetime": {"datetime": "2020-11-17 19:08:13", "elapsed": 141.002559, "delta": 12.013966}}
{"target": 0.01178188124833811, "params": {"shrink": 127.51454044034456, "topK": 315.6725076088986}, "datetime": {"datetime": "2020-11-17 19:08:25", "elapsed": 152.940235, "delta": 11.937676}}
{"target": 0.011825844249268375, "params": {"shrink": 85.60172652166264, "topK": 300.5188936883012}, "datetime": {"datetime": "2020-11-17 19:08:37", "elapsed": 164.885031, "delta": 11.944796}}
{"target": 0.011773686247464724, "params": {"shrink": 84.77806117220106, "topK": 318.72001861804705}, "datetime": {"datetime": "2020-11-17 19:08:49", "elapsed": 176.872861, "delta": 11.98783}}
{"target": 0.01180835997640752, "params": {"shrink": 100.27055657859738, "topK": 293.13608282499086}, "datetime": {"datetime": "2020-11-17 19:09:01", "elapsed": 188.837675, "delta": 11.964814}}
{"target": 0.01163371435131858, "params": {"shrink": 178.31564274118836, "topK": 125.32762122763097}, "datetime": {"datetime": "2020-11-17 19:09:12", "elapsed": 199.835683, "delta": 10.998008}}
{"target": 0.011687527581076754, "params": {"shrink": 176.96838914665423, "topK": 160.23297586817236}, "datetime": {"datetime": "2020-11-17 19:09:23", "elapsed": 211.091914, "delta": 11.256231}}
{"target": 0.011798096925829078, "params": {"shrink": 109.99917061232725, "topK": 314.4768002729969}, "datetime": {"datetime": "2020-11-17 19:09:35", "elapsed": 223.129786, "delta": 12.037872}}
