{"target": 0.02510602609744509, "params": {"shrink": 44.398634217947894, "topK": 436.6588300269144}, "datetime": {"datetime": "2020-11-17 19:22:21", "elapsed": 0.0, "delta": 0.0}}
{"target": 0.02433314412289849, "params": {"shrink": 41.34383106788528, "topK": 460.11934488958155}, "datetime": {"datetime": "2020-11-17 19:23:06", "elapsed": 44.905076, "delta": 44.905076}}
{"target": 0.02484924856491198, "params": {"shrink": 97.68223775896583, "topK": 309.7544928222964}, "datetime": {"datetime": "2020-11-17 19:23:48", "elapsed": 86.220968, "delta": 41.315892}}
{"target": 0.02537612880056503, "params": {"shrink": 153.1815712960631, "topK": 264.0248140577422}, "datetime": {"datetime": "2020-11-17 19:24:27", "elapsed": 126.139705, "delta": 39.918737}}
{"target": 0.027647140460596572, "params": {"shrink": 59.36010031524439, "topK": 101.9834020440133}, "datetime": {"datetime": "2020-11-17 19:25:02", "elapsed": 161.104368, "delta": 34.964663}}
{"target": 0.02430403465538254, "params": {"shrink": 16.148253752974973, "topK": 371.8357451374953}, "datetime": {"datetime": "2020-11-17 19:25:45", "elapsed": 203.721983, "delta": 42.617615}}
{"target": 0.027685737253920217, "params": {"shrink": 88.26184457919062, "topK": 87.5718351791991}, "datetime": {"datetime": "2020-11-17 19:26:19", "elapsed": 237.694979, "delta": 33.972996}}
{"target": 0.026529039357693362, "params": {"shrink": 175.98740624025578, "topK": 144.30236637619007}, "datetime": {"datetime": "2020-11-17 19:26:54", "elapsed": 273.083009, "delta": 35.38803}}
{"target": 0.0257922520630019, "params": {"shrink": 82.84700381621026, "topK": 155.07916703948752}, "datetime": {"datetime": "2020-11-17 19:27:30", "elapsed": 308.853342, "delta": 35.770333}}
{"target": 0.024727640752260617, "params": {"shrink": 125.75758177589667, "topK": 294.1205269928771}, "datetime": {"datetime": "2020-11-17 19:28:10", "elapsed": 348.961234, "delta": 40.107892}}
{"target": 0.027549534864761693, "params": {"shrink": 60.72925292872853, "topK": 100.94349123605446}, "datetime": {"datetime": "2020-11-17 19:28:44", "elapsed": 383.143421, "delta": 34.182187}}
{"target": 0.0279097696086809, "params": {"shrink": 27.105742615106966, "topK": 112.18705532730152}, "datetime": {"datetime": "2020-11-17 19:29:19", "elapsed": 417.529618, "delta": 34.386197}}
{"target": 0.028273214719498528, "params": {"shrink": 128.3097457910523, "topK": 76.02143919690756}, "datetime": {"datetime": "2020-11-17 19:29:52", "elapsed": 450.926006, "delta": 33.396388}}
{"target": 0.028626229303236, "params": {"shrink": 110.08582784041381, "topK": 38.02040552019787}, "datetime": {"datetime": "2020-11-17 19:30:24", "elapsed": 482.835174, "delta": 31.909168}}
{"target": 0.0290599010397227, "params": {"shrink": 155.76129144076384, "topK": 26.79998172566107}, "datetime": {"datetime": "2020-11-17 19:30:56", "elapsed": 514.681304, "delta": 31.84613}}
{"target": 0.02879192533289363, "params": {"shrink": 199.77564125141774, "topK": 45.77700393933408}, "datetime": {"datetime": "2020-11-17 19:31:29", "elapsed": 547.407141, "delta": 32.725837}}
{"target": 0.027864018002315225, "params": {"shrink": 196.37928620395238, "topK": 10.050220335597832}, "datetime": {"datetime": "2020-11-17 19:32:00", "elapsed": 578.593716, "delta": 31.186575}}
{"target": 0.027843887952898702, "params": {"shrink": 43.294955446018136, "topK": 10.52585030172285}, "datetime": {"datetime": "2020-11-17 19:32:31", "elapsed": 609.578235, "delta": 30.984519}}
{"target": 0.028293656551354254, "params": {"shrink": 176.6840680343043, "topK": 73.8551263549602}, "datetime": {"datetime": "2020-11-17 19:33:04", "elapsed": 642.874429, "delta": 33.296194}}
{"target": 0.02383276206852662, "params": {"shrink": 200.0, "topK": 500.0}, "datetime": {"datetime": "2020-11-17 19:33:51", "elapsed": 689.322655, "delta": 46.448226}}
