{"target": 0.018150438568188158, "params": {"shrink": 44.398634217947894, "topK": 436.6588300269144}, "datetime": {"datetime": "2020-11-17 18:32:17", "elapsed": 0.0, "delta": 0.0}}
{"target": 0.017974251359913665, "params": {"shrink": 41.34383106788528, "topK": 460.11934488958155}, "datetime": {"datetime": "2020-11-17 18:32:29", "elapsed": 12.371281, "delta": 12.371281}}
{"target": 0.018791077441179086, "params": {"shrink": 97.68223775896583, "topK": 309.7544928222964}, "datetime": {"datetime": "2020-11-17 18:32:41", "elapsed": 24.051858, "delta": 11.680577}}
{"target": 0.01976165114345085, "params": {"shrink": 153.1815712960631, "topK": 264.0248140577422}, "datetime": {"datetime": "2020-11-17 18:32:53", "elapsed": 35.634342, "delta": 11.582484}}
{"target": 0.020320792406682504, "params": {"shrink": 59.36010031524439, "topK": 101.9834020440133}, "datetime": {"datetime": "2020-11-17 18:33:03", "elapsed": 46.444198, "delta": 10.809856}}
{"target": 0.01811883601505921, "params": {"shrink": 16.148253752974973, "topK": 371.8357451374953}, "datetime": {"datetime": "2020-11-17 18:33:15", "elapsed": 58.460059, "delta": 12.015861}}
{"target": 0.020667046635967256, "params": {"shrink": 88.26184457919062, "topK": 87.5718351791991}, "datetime": {"datetime": "2020-11-17 18:33:26", "elapsed": 69.245914, "delta": 10.785855}}
{"target": 0.020649330964915974, "params": {"shrink": 175.98740624025578, "topK": 144.30236637619007}, "datetime": {"datetime": "2020-11-17 18:33:37", "elapsed": 80.014744, "delta": 10.76883}}
{"target": 0.020073333549554664, "params": {"shrink": 82.84700381621026, "topK": 155.07916703948752}, "datetime": {"datetime": "2020-11-17 18:33:48", "elapsed": 90.662478, "delta": 10.647734}}
{"target": 0.019113427781807073, "params": {"shrink": 125.75758177589667, "topK": 294.1205269928771}, "datetime": {"datetime": "2020-11-17 18:33:59", "elapsed": 101.895688, "delta": 11.23321}}
{"target": 0.020649330964915974, "params": {"shrink": 175.44243030953209, "topK": 144.85069798258235}, "datetime": {"datetime": "2020-11-17 18:34:10", "elapsed": 112.851105, "delta": 10.955417}}
{"target": 0.02022205849661286, "params": {"shrink": 179.33171834922607, "topK": 10.338392881123319}, "datetime": {"datetime": "2020-11-17 18:34:21", "elapsed": 123.752033, "delta": 10.900928}}
{"target": 0.020134356793638453, "params": {"shrink": 5.704900634978105, "topK": 10.61397907828826}, "datetime": {"datetime": "2020-11-17 18:34:31", "elapsed": 133.964419, "delta": 10.212386}}
{"target": 0.020530677552907592, "params": {"shrink": 93.90901973649575, "topK": 11.692706691980131}, "datetime": {"datetime": "2020-11-17 18:34:41", "elapsed": 144.217829, "delta": 10.25341}}
{"target": 0.020709947424452896, "params": {"shrink": 142.12613408292128, "topK": 81.0331829858855}, "datetime": {"datetime": "2020-11-17 18:34:52", "elapsed": 154.864557, "delta": 10.646728}}
{"target": 0.02020204116961475, "params": {"shrink": 199.38503457475295, "topK": 200.04057020090528}, "datetime": {"datetime": "2020-11-17 18:35:03", "elapsed": 166.259892, "delta": 11.395335}}
{"target": 0.018540453719780563, "params": {"shrink": 199.12009889359976, "topK": 496.04117172897764}, "datetime": {"datetime": "2020-11-17 18:35:16", "elapsed": 178.753147, "delta": 12.493255}}
{"target": 0.020512100685933662, "params": {"shrink": 137.55341329947805, "topK": 117.5321541767962}, "datetime": {"datetime": "2020-11-17 18:35:27", "elapsed": 189.637073, "delta": 10.883926}}
{"target": 0.02090173851229706, "params": {"shrink": 199.06770394375718, "topK": 81.58597586023342}, "datetime": {"datetime": "2020-11-17 18:35:37", "elapsed": 200.283805, "delta": 10.646732}}
{"target": 0.021287250245356434, "params": {"shrink": 74.57516279469235, "topK": 47.689274092418835}, "datetime": {"datetime": "2020-11-17 18:35:48", "elapsed": 210.732372, "delta": 10.448567}}
