{"target": 0.02489470560604891, "params": {"shrink": 44.398634217947894, "topK": 436.6588300269144}, "datetime": {"datetime": "2020-11-17 18:14:39", "elapsed": 0.0, "delta": 0.0}}
{"target": 0.030952396241040195, "params": {"shrink": 41.34383106788528, "topK": 460.11934488958155}, "datetime": {"datetime": "2020-11-17 18:14:49", "elapsed": 10.883927, "delta": 10.883927}}
{"target": 0.03293085538097745, "params": {"shrink": 97.68223775896583, "topK": 309.7544928222964}, "datetime": {"datetime": "2020-11-17 18:15:00", "elapsed": 21.047261, "delta": 10.163334}}
{"target": 0.033033306419702944, "params": {"shrink": 153.1815712960631, "topK": 264.0248140577422}, "datetime": {"datetime": "2020-11-17 18:15:10", "elapsed": 31.085049, "delta": 10.037788}}
{"target": 0.03197568079645114, "params": {"shrink": 59.36010031524439, "topK": 101.9834020440133}, "datetime": {"datetime": "2020-11-17 18:15:19", "elapsed": 40.140475, "delta": 9.055426}}
{"target": 0.030468542317398924, "params": {"shrink": 16.148253752974973, "topK": 371.8357451374953}, "datetime": {"datetime": "2020-11-17 18:15:29", "elapsed": 50.565024, "delta": 10.424549}}
{"target": 0.032066404706809645, "params": {"shrink": 88.26184457919062, "topK": 87.5718351791991}, "datetime": {"datetime": "2020-11-17 18:15:38", "elapsed": 59.528375, "delta": 8.963351}}
{"target": 0.03303342529112506, "params": {"shrink": 175.98740624025578, "topK": 144.30236637619007}, "datetime": {"datetime": "2020-11-17 18:15:47", "elapsed": 68.902095, "delta": 9.37372}}
{"target": 0.032389189949701525, "params": {"shrink": 82.84700381621026, "topK": 155.07916703948752}, "datetime": {"datetime": "2020-11-17 18:15:57", "elapsed": 78.296799, "delta": 9.394704}}
{"target": 0.032521680939957665, "params": {"shrink": 125.75758177589667, "topK": 294.1205269928771}, "datetime": {"datetime": "2020-11-17 18:16:07", "elapsed": 88.457131, "delta": 10.160332}}
{"target": 0.032804034331162316, "params": {"shrink": 151.47170969021408, "topK": 263.3218205361267}, "datetime": {"datetime": "2020-11-17 18:16:17", "elapsed": 98.886676, "delta": 10.429545}}
{"target": 0.03277074152870755, "params": {"shrink": 158.7675989822737, "topK": 285.5693859789824}, "datetime": {"datetime": "2020-11-17 18:16:28", "elapsed": 109.030196, "delta": 10.14352}}
{"target": 0.03285528527106549, "params": {"shrink": 177.79532870148577, "topK": 262.9110525133673}, "datetime": {"datetime": "2020-11-17 18:16:38", "elapsed": 119.105459, "delta": 10.075263}}
{"target": 0.032883677820646315, "params": {"shrink": 146.1519590466375, "topK": 145.47743579421126}, "datetime": {"datetime": "2020-11-17 18:16:47", "elapsed": 128.577226, "delta": 9.471767}}
{"target": 0.032873302355099665, "params": {"shrink": 161.03961509891002, "topK": 117.58765428654262}, "datetime": {"datetime": "2020-11-17 18:16:56", "elapsed": 137.800789, "delta": 9.223563}}
{"target": 0.032908245941456256, "params": {"shrink": 166.46369131584052, "topK": 174.15986084263284}, "datetime": {"datetime": "2020-11-17 18:17:07", "elapsed": 148.051197, "delta": 10.250408}}
{"target": 0.03287971928769402, "params": {"shrink": 131.17204244497597, "topK": 180.18544628784372}, "datetime": {"datetime": "2020-11-17 18:17:16", "elapsed": 157.906278, "delta": 9.855081}}
{"target": 0.03310618393678088, "params": {"shrink": 197.2249764789872, "topK": 115.41350079713384}, "datetime": {"datetime": "2020-11-17 18:17:26", "elapsed": 167.513286, "delta": 9.607008}}
{"target": 0.032612704083197774, "params": {"shrink": 182.30134216291947, "topK": 85.98107576317544}, "datetime": {"datetime": "2020-11-17 18:17:35", "elapsed": 176.604752, "delta": 9.091466}}
{"target": 0.03306513466921889, "params": {"shrink": 199.93476971974832, "topK": 168.86631943898846}, "datetime": {"datetime": "2020-11-17 18:17:45", "elapsed": 186.104542, "delta": 9.49979}}
