{"target": 0.02611759928829863, "params": {"shrink": 44.398634217947894, "topK": 436.6588300269144}, "datetime": {"datetime": "2020-11-17 19:10:20", "elapsed": 0.0, "delta": 0.0}}
{"target": 0.02648330256483661, "params": {"shrink": 41.34383106788528, "topK": 460.11934488958155}, "datetime": {"datetime": "2020-11-17 19:11:04", "elapsed": 44.487597, "delta": 44.487597}}
{"target": 0.026668510836735822, "params": {"shrink": 97.68223775896583, "topK": 309.7544928222964}, "datetime": {"datetime": "2020-11-17 19:11:44", "elapsed": 84.391321, "delta": 39.903724}}
{"target": 0.027579884586330348, "params": {"shrink": 153.1815712960631, "topK": 264.0248140577422}, "datetime": {"datetime": "2020-11-17 19:12:23", "elapsed": 123.045365, "delta": 38.654044}}
{"target": 0.03086872168830979, "params": {"shrink": 59.36010031524439, "topK": 101.9834020440133}, "datetime": {"datetime": "2020-11-17 19:12:56", "elapsed": 156.538841, "delta": 33.493476}}
{"target": 0.026530026887692675, "params": {"shrink": 16.148253752974973, "topK": 371.8357451374953}, "datetime": {"datetime": "2020-11-17 19:13:38", "elapsed": 198.665388, "delta": 42.126547}}
{"target": 0.03121847713236939, "params": {"shrink": 88.26184457919062, "topK": 87.5718351791991}, "datetime": {"datetime": "2020-11-17 19:14:11", "elapsed": 231.862612, "delta": 33.197224}}
{"target": 0.029740128819839364, "params": {"shrink": 175.98740624025578, "topK": 144.30236637619007}, "datetime": {"datetime": "2020-11-17 19:14:47", "elapsed": 267.423774, "delta": 35.561162}}
{"target": 0.029672294436122043, "params": {"shrink": 82.84700381621026, "topK": 155.07916703948752}, "datetime": {"datetime": "2020-11-17 19:15:22", "elapsed": 302.710847, "delta": 35.287073}}
{"target": 0.027121627344123198, "params": {"shrink": 125.75758177589667, "topK": 294.1205269928771}, "datetime": {"datetime": "2020-11-17 19:16:02", "elapsed": 342.121426, "delta": 39.410579}}
{"target": 0.030831953413045857, "params": {"shrink": 60.72925292872853, "topK": 100.94349123605446}, "datetime": {"datetime": "2020-11-17 19:16:35", "elapsed": 375.89212, "delta": 33.770694}}
{"target": 0.03262020365969914, "params": {"shrink": 151.87563812603628, "topK": 37.93500498109938}, "datetime": {"datetime": "2020-11-17 19:17:07", "elapsed": 407.357924, "delta": 31.465804}}
{"target": 0.031356776667200534, "params": {"shrink": 98.37509753651031, "topK": 10.090805962723985}, "datetime": {"datetime": "2020-11-17 19:17:37", "elapsed": 437.693801, "delta": 30.335877}}
{"target": 0.03134814346596121, "params": {"shrink": 199.0455055349574, "topK": 10.99458222146072}, "datetime": {"datetime": "2020-11-17 19:18:08", "elapsed": 468.105742, "delta": 30.411941}}
{"target": 0.029669477857012693, "params": {"shrink": 0.0, "topK": 142.5061753752395}, "datetime": {"datetime": "2020-11-17 19:18:43", "elapsed": 503.0534, "delta": 34.947658}}
{"target": 0.031497944935872844, "params": {"shrink": 198.99506653080724, "topK": 71.92765847399849}, "datetime": {"datetime": "2020-11-17 19:19:15", "elapsed": 535.626112, "delta": 32.572712}}
{"target": 0.031054015738810985, "params": {"shrink": 0.7250042888092612, "topK": 10.550577719677015}, "datetime": {"datetime": "2020-11-17 19:19:46", "elapsed": 566.144138, "delta": 30.518026}}
{"target": 0.02662701531920302, "params": {"shrink": 199.53021591935382, "topK": 499.04712794113675}, "datetime": {"datetime": "2020-11-17 19:20:32", "elapsed": 612.157872, "delta": 46.013734}}
{"target": 0.03155420041016312, "params": {"shrink": 143.88849792889872, "topK": 77.837954036229}, "datetime": {"datetime": "2020-11-17 19:21:05", "elapsed": 645.410141, "delta": 33.252269}}
{"target": 0.03116510892278132, "params": {"shrink": 0.0, "topK": 70.60217209643142}, "datetime": {"datetime": "2020-11-17 19:21:38", "elapsed": 678.125959, "delta": 32.715818}}
