{"target": 0.03140206125673286, "params": {"shrink": 44.398634217947894, "topK": 436.6588300269144}, "datetime": {"datetime": "2020-11-17 18:39:29", "elapsed": 0.0, "delta": 0.0}}
{"target": 0.03125621080121916, "params": {"shrink": 41.34383106788528, "topK": 460.11934488958155}, "datetime": {"datetime": "2020-11-17 18:39:40", "elapsed": 11.091096, "delta": 11.091096}}
{"target": 0.030529831673594215, "params": {"shrink": 97.68223775896583, "topK": 309.7544928222964}, "datetime": {"datetime": "2020-11-17 18:39:51", "elapsed": 21.558678, "delta": 10.467582}}
{"target": 0.030262638902640263, "params": {"shrink": 153.1815712960631, "topK": 264.0248140577422}, "datetime": {"datetime": "2020-11-17 18:40:01", "elapsed": 31.885147, "delta": 10.326469}}
{"target": 0.03127748545973036, "params": {"shrink": 59.36010031524439, "topK": 101.9834020440133}, "datetime": {"datetime": "2020-11-17 18:40:10", "elapsed": 41.344904, "delta": 9.459757}}
{"target": 0.03162225571081446, "params": {"shrink": 16.148253752974973, "topK": 371.8357451374953}, "datetime": {"datetime": "2020-11-17 18:40:21", "elapsed": 52.098724, "delta": 10.75382}}
{"target": 0.03129675216107296, "params": {"shrink": 88.26184457919062, "topK": 87.5718351791991}, "datetime": {"datetime": "2020-11-17 18:40:31", "elapsed": 61.675724, "delta": 9.577}}
{"target": 0.030899512013945786, "params": {"shrink": 175.98740624025578, "topK": 144.30236637619007}, "datetime": {"datetime": "2020-11-17 18:40:41", "elapsed": 71.543807, "delta": 9.868083}}
{"target": 0.03132554355739587, "params": {"shrink": 82.84700381621026, "topK": 155.07916703948752}, "datetime": {"datetime": "2020-11-17 18:40:51", "elapsed": 81.455041, "delta": 9.911234}}
{"target": 0.030362004650793348, "params": {"shrink": 125.75758177589667, "topK": 294.1205269928771}, "datetime": {"datetime": "2020-11-17 18:41:01", "elapsed": 92.004682, "delta": 10.549641}}
{"target": 0.03181602705736044, "params": {"shrink": 15.389185598641596, "topK": 369.9213348481967}, "datetime": {"datetime": "2020-11-17 18:41:12", "elapsed": 102.869603, "delta": 10.864921}}
{"target": 0.03211915248192122, "params": {"shrink": 18.433922365003763, "topK": 363.7367954171616}, "datetime": {"datetime": "2020-11-17 18:41:23", "elapsed": 113.652435, "delta": 10.782832}}
{"target": 0.03196370759613482, "params": {"shrink": 6.454960070624405, "topK": 357.7731251759807}, "datetime": {"datetime": "2020-11-17 18:41:34", "elapsed": 125.293127, "delta": 11.640692}}
{"target": 0.032090580185781245, "params": {"shrink": 21.67406562323315, "topK": 347.152228491657}, "datetime": {"datetime": "2020-11-17 18:41:46", "elapsed": 136.600399, "delta": 11.307272}}
{"target": 0.0313990670832158, "params": {"shrink": 41.89151829120754, "topK": 348.7493431347005}, "datetime": {"datetime": "2020-11-17 18:41:57", "elapsed": 147.647486, "delta": 11.047087}}
{"target": 0.03202798640229435, "params": {"shrink": 11.242703686171929, "topK": 327.44218905251927}, "datetime": {"datetime": "2020-11-17 18:42:08", "elapsed": 158.811641, "delta": 11.164155}}
{"target": 0.03170946267053864, "params": {"shrink": 29.015420976671624, "topK": 316.54820020241453}, "datetime": {"datetime": "2020-11-17 18:42:19", "elapsed": 169.457361, "delta": 10.64572}}
{"target": 0.03039402807527772, "params": {"shrink": 0.32328195401123416, "topK": 307.0409901760494}, "datetime": {"datetime": "2020-11-17 18:42:30", "elapsed": 180.501427, "delta": 11.044066}}
{"target": 0.03206003101289164, "params": {"shrink": 5.691401009406349, "topK": 340.31314781514993}, "datetime": {"datetime": "2020-11-17 18:42:40", "elapsed": 191.148158, "delta": 10.646731}}
{"target": 0.03077946859169389, "params": {"shrink": 94.99498862018648, "topK": 427.3672412075425}, "datetime": {"datetime": "2020-11-17 18:42:52", "elapsed": 202.764684, "delta": 11.616526}}
