{"target": 0.008611438545559827, "params": {"shrink": 44.398634217947894, "topK": 436.6588300269144}, "datetime": {"datetime": "2020-11-17 18:57:22", "elapsed": 0.0, "delta": 0.0}}
{"target": 0.011692256053146362, "params": {"shrink": 41.34383106788528, "topK": 460.11934488958155}, "datetime": {"datetime": "2020-11-17 18:57:35", "elapsed": 13.440022, "delta": 13.440022}}
{"target": 0.010629510126537118, "params": {"shrink": 97.68223775896583, "topK": 309.7544928222964}, "datetime": {"datetime": "2020-11-17 18:57:48", "elapsed": 26.200476, "delta": 12.760454}}
{"target": 0.010452578441610816, "params": {"shrink": 153.1815712960631, "topK": 264.0248140577422}, "datetime": {"datetime": "2020-11-17 18:58:01", "elapsed": 38.811828, "delta": 12.611352}}
{"target": 0.011894801133616925, "params": {"shrink": 59.36010031524439, "topK": 101.9834020440133}, "datetime": {"datetime": "2020-11-17 18:58:13", "elapsed": 50.628518, "delta": 11.81669}}
{"target": 0.012745461437115658, "params": {"shrink": 16.148253752974973, "topK": 371.8357451374953}, "datetime": {"datetime": "2020-11-17 18:58:26", "elapsed": 63.705234, "delta": 13.076716}}
{"target": 0.011713359937053896, "params": {"shrink": 88.26184457919062, "topK": 87.5718351791991}, "datetime": {"datetime": "2020-11-17 18:58:37", "elapsed": 75.468879, "delta": 11.763645}}
{"target": 0.011013367386292421, "params": {"shrink": 175.98740624025578, "topK": 144.30236637619007}, "datetime": {"datetime": "2020-11-17 18:58:50", "elapsed": 87.562947, "delta": 12.094068}}
{"target": 0.011633874728515913, "params": {"shrink": 82.84700381621026, "topK": 155.07916703948752}, "datetime": {"datetime": "2020-11-17 18:59:02", "elapsed": 99.61783, "delta": 12.054883}}
{"target": 0.010575751343411988, "params": {"shrink": 125.75758177589667, "topK": 294.1205269928771}, "datetime": {"datetime": "2020-11-17 18:59:14", "elapsed": 112.390305, "delta": 12.772475}}
{"target": 0.012867959150357064, "params": {"shrink": 15.389185598641596, "topK": 369.9213348481967}, "datetime": {"datetime": "2020-11-17 18:59:27", "elapsed": 125.538222, "delta": 13.147917}}
{"target": 0.01272249504792782, "params": {"shrink": 25.280835455834485, "topK": 359.4107949657698}, "datetime": {"datetime": "2020-11-17 18:59:41", "elapsed": 138.625956, "delta": 13.087734}}
{"target": 0.015590906261859197, "params": {"shrink": 2.1095070033340546, "topK": 350.8642309128451}, "datetime": {"datetime": "2020-11-17 18:59:54", "elapsed": 151.552555, "delta": 12.926599}}
{"target": 0.015238439107153948, "params": {"shrink": 0.0, "topK": 334.1956444488432}, "datetime": {"datetime": "2020-11-17 19:00:06", "elapsed": 164.454136, "delta": 12.901581}}
{"target": 0.012789495179538857, "params": {"shrink": 22.38002626390059, "topK": 311.83444507196884}, "datetime": {"datetime": "2020-11-17 19:00:19", "elapsed": 177.345697, "delta": 12.891561}}
{"target": 0.012719232526297843, "params": {"shrink": 20.690094614091592, "topK": 497.84454592114014}, "datetime": {"datetime": "2020-11-17 19:00:33", "elapsed": 191.129001, "delta": 13.783304}}
{"target": 0.010734718154935766, "params": {"shrink": 72.87023996612622, "topK": 499.2844040835384}, "datetime": {"datetime": "2020-11-17 19:00:47", "elapsed": 205.005403, "delta": 13.876402}}
{"target": 0.013815148079637084, "params": {"shrink": 9.919044174721737, "topK": 340.3760876214254}, "datetime": {"datetime": "2020-11-17 19:01:00", "elapsed": 218.22024, "delta": 13.214837}}
{"target": 0.01532673063933632, "params": {"shrink": 0.03905891610922474, "topK": 298.93678442267645}, "datetime": {"datetime": "2020-11-17 19:01:13", "elapsed": 230.986709, "delta": 12.766469}}
{"target": 0.015463343726044059, "params": {"shrink": 0.6678170974026898, "topK": 272.0324053284288}, "datetime": {"datetime": "2020-11-17 19:01:26", "elapsed": 243.706131, "delta": 12.719422}}
