{"target": 0.03140206125673286, "params": {"shrink": 44.398634217947894, "topK": 436.6588300269144}, "datetime": {"datetime": "2020-11-17 18:53:46", "elapsed": 0.0, "delta": 0.0}}
{"target": 0.03125621080121916, "params": {"shrink": 41.34383106788528, "topK": 460.11934488958155}, "datetime": {"datetime": "2020-11-17 18:53:57", "elapsed": 11.509429, "delta": 11.509429}}
{"target": 0.030529831673594215, "params": {"shrink": 97.68223775896583, "topK": 309.7544928222964}, "datetime": {"datetime": "2020-11-17 18:54:08", "elapsed": 22.372338, "delta": 10.862909}}
{"target": 0.030262638902640263, "params": {"shrink": 153.1815712960631, "topK": 264.0248140577422}, "datetime": {"datetime": "2020-11-17 18:54:19", "elapsed": 32.987867, "delta": 10.615529}}
{"target": 0.03127748545973036, "params": {"shrink": 59.36010031524439, "topK": 101.9834020440133}, "datetime": {"datetime": "2020-11-17 18:54:29", "elapsed": 42.97402, "delta": 9.986153}}
{"target": 0.03162225571081446, "params": {"shrink": 16.148253752974973, "topK": 371.8357451374953}, "datetime": {"datetime": "2020-11-17 18:54:40", "elapsed": 53.834917, "delta": 10.860897}}
{"target": 0.03129675216107296, "params": {"shrink": 88.26184457919062, "topK": 87.5718351791991}, "datetime": {"datetime": "2020-11-17 18:54:49", "elapsed": 63.59694, "delta": 9.762023}}
{"target": 0.030899512013945786, "params": {"shrink": 175.98740624025578, "topK": 144.30236637619007}, "datetime": {"datetime": "2020-11-17 18:54:59", "elapsed": 73.794312, "delta": 10.197372}}
{"target": 0.03132554355739587, "params": {"shrink": 82.84700381621026, "topK": 155.07916703948752}, "datetime": {"datetime": "2020-11-17 18:55:10", "elapsed": 83.946638, "delta": 10.152326}}
{"target": 0.030362004650793348, "params": {"shrink": 125.75758177589667, "topK": 294.1205269928771}, "datetime": {"datetime": "2020-11-17 18:55:20", "elapsed": 94.714469, "delta": 10.767831}}
{"target": 0.03181602705736044, "params": {"shrink": 15.389185598641596, "topK": 369.9213348481967}, "datetime": {"datetime": "2020-11-17 18:55:31", "elapsed": 105.478295, "delta": 10.763826}}
{"target": 0.03211915248192122, "params": {"shrink": 18.433922365003763, "topK": 363.7367954171616}, "datetime": {"datetime": "2020-11-17 18:55:43", "elapsed": 116.904666, "delta": 11.426371}}
{"target": 0.03196370759613482, "params": {"shrink": 6.454960070624405, "topK": 357.7731251759807}, "datetime": {"datetime": "2020-11-17 18:55:54", "elapsed": 128.207927, "delta": 11.303261}}
{"target": 0.032090580185781245, "params": {"shrink": 21.67406562323315, "topK": 347.152228491657}, "datetime": {"datetime": "2020-11-17 18:56:05", "elapsed": 138.863674, "delta": 10.655747}}
{"target": 0.0313990670832158, "params": {"shrink": 41.89151829120754, "topK": 348.7493431347005}, "datetime": {"datetime": "2020-11-17 18:56:15", "elapsed": 149.588469, "delta": 10.724795}}
{"target": 0.03202798640229435, "params": {"shrink": 11.242703686171929, "topK": 327.44218905251927}, "datetime": {"datetime": "2020-11-17 18:56:26", "elapsed": 160.173149, "delta": 10.58468}}
{"target": 0.03170946267053864, "params": {"shrink": 29.015420976671624, "topK": 316.54820020241453}, "datetime": {"datetime": "2020-11-17 18:56:36", "elapsed": 170.721799, "delta": 10.54865}}
{"target": 0.03039402807527772, "params": {"shrink": 0.32328195401123416, "topK": 307.0409901760494}, "datetime": {"datetime": "2020-11-17 18:56:47", "elapsed": 181.264435, "delta": 10.542636}}
{"target": 0.03206003101289164, "params": {"shrink": 5.691401009406349, "topK": 340.31314781514993}, "datetime": {"datetime": "2020-11-17 18:56:58", "elapsed": 191.945204, "delta": 10.680769}}
{"target": 0.03077946859169389, "params": {"shrink": 94.99498862018648, "topK": 427.3672412075425}, "datetime": {"datetime": "2020-11-17 18:57:09", "elapsed": 202.888286, "delta": 10.943082}}
