{"target": 0.01139180388000796, "params": {"shrink": 44.398634217947894, "topK": 436.6588300269144}, "datetime": {"datetime": "2020-11-17 19:01:39", "elapsed": 0.0, "delta": 0.0}}
{"target": 0.009701505473999655, "params": {"shrink": 41.34383106788528, "topK": 460.11934488958155}, "datetime": {"datetime": "2020-11-17 19:01:52", "elapsed": 13.424948, "delta": 13.424948}}
{"target": 0.008843217666771947, "params": {"shrink": 97.68223775896583, "topK": 309.7544928222964}, "datetime": {"datetime": "2020-11-17 19:02:05", "elapsed": 26.212435, "delta": 12.787487}}
{"target": 0.008788339569317521, "params": {"shrink": 153.1815712960631, "topK": 264.0248140577422}, "datetime": {"datetime": "2020-11-17 19:02:18", "elapsed": 38.864802, "delta": 12.652367}}
{"target": 0.009624852943780763, "params": {"shrink": 59.36010031524439, "topK": 101.9834020440133}, "datetime": {"datetime": "2020-11-17 19:02:29", "elapsed": 50.554398, "delta": 11.689596}}
{"target": 0.00818385057746524, "params": {"shrink": 16.148253752974973, "topK": 371.8357451374953}, "datetime": {"datetime": "2020-11-17 19:02:42", "elapsed": 63.546052, "delta": 12.991654}}
{"target": 0.009582338368629527, "params": {"shrink": 88.26184457919062, "topK": 87.5718351791991}, "datetime": {"datetime": "2020-11-17 19:02:54", "elapsed": 75.204601, "delta": 11.658549}}
{"target": 0.009317711017932469, "params": {"shrink": 175.98740624025578, "topK": 144.30236637619007}, "datetime": {"datetime": "2020-11-17 19:03:06", "elapsed": 87.174428, "delta": 11.969827}}
{"target": 0.009259574423650536, "params": {"shrink": 82.84700381621026, "topK": 155.07916703948752}, "datetime": {"datetime": "2020-11-17 19:03:18", "elapsed": 99.16326, "delta": 11.988832}}
{"target": 0.008377581759836822, "params": {"shrink": 125.75758177589667, "topK": 294.1205269928771}, "datetime": {"datetime": "2020-11-17 19:03:31", "elapsed": 111.83465, "delta": 12.67139}}
{"target": 0.008005304359809118, "params": {"shrink": 42.471478535587195, "topK": 436.452627907739}, "datetime": {"datetime": "2020-11-17 19:03:45", "elapsed": 125.716034, "delta": 13.881384}}
{"target": 0.009596378500650194, "params": {"shrink": 3.585905745755702, "topK": 58.64922329418704}, "datetime": {"datetime": "2020-11-17 19:03:57", "elapsed": 138.016121, "delta": 12.300087}}
{"target": 0.009290698584289162, "params": {"shrink": 59.132331634818634, "topK": 101.58361617367055}, "datetime": {"datetime": "2020-11-17 19:04:09", "elapsed": 149.779139, "delta": 11.763018}}
{"target": 0.008087256632494318, "params": {"shrink": 45.05070101049209, "topK": 437.73901612624866}, "datetime": {"datetime": "2020-11-17 19:04:22", "elapsed": 163.115076, "delta": 13.335937}}
{"target": 0.009072563403607285, "params": {"shrink": 21.945490743828344, "topK": 129.87133170137076}, "datetime": {"datetime": "2020-11-17 19:04:34", "elapsed": 175.062873, "delta": 11.947797}}
{"target": 0.007839436325747125, "params": {"shrink": 150.07443189223503, "topK": 473.99430484734654}, "datetime": {"datetime": "2020-11-17 19:04:47", "elapsed": 188.538925, "delta": 13.476052}}
{"target": 0.00833212206344825, "params": {"shrink": 98.19582698574207, "topK": 191.56555939559766}, "datetime": {"datetime": "2020-11-17 19:05:00", "elapsed": 200.7039, "delta": 12.164975}}
{"target": 0.007920798713324332, "params": {"shrink": 40.602045831464025, "topK": 459.8804335256369}, "datetime": {"datetime": "2020-11-17 19:05:13", "elapsed": 214.032957, "delta": 13.329057}}
{"target": 0.010480466074135277, "params": {"shrink": 43.61658957354963, "topK": 436.3569438070069}, "datetime": {"datetime": "2020-11-17 19:05:26", "elapsed": 226.918515, "delta": 12.885558}}
{"target": 0.011671881496981463, "params": {"shrink": 47.961062151261594, "topK": 469.0921304731475}, "datetime": {"datetime": "2020-11-17 19:05:39", "elapsed": 240.109468, "delta": 13.190953}}
