{"target": 0.05314035515711168, "params": {"alpha": 0.22199317108973948, "topK": 436.6588300269144}, "datetime": {"datetime": "2020-11-17 17:46:36", "elapsed": 0.0, "delta": 0.0}}
{"target": 0.05261274794121147, "params": {"alpha": 0.20671915533942642, "topK": 460.11934488958155}, "datetime": {"datetime": "2020-11-17 17:46:56", "elapsed": 20.647932, "delta": 20.647932}}
{"target": 0.05644722576148255, "params": {"alpha": 0.48841118879482914, "topK": 309.7544928222964}, "datetime": {"datetime": "2020-11-17 17:47:16", "elapsed": 39.991806, "delta": 19.343874}}
{"target": 0.051939992534184784, "params": {"alpha": 0.7659078564803156, "topK": 264.0248140577422}, "datetime": {"datetime": "2020-11-17 17:47:35", "elapsed": 58.779203, "delta": 18.787397}}
{"target": 0.05447610692205929, "params": {"alpha": 0.29680050157622195, "topK": 101.9834020440133}, "datetime": {"datetime": "2020-11-17 17:47:51", "elapsed": 74.895024, "delta": 16.115821}}
{"target": 0.0489704337222426, "params": {"alpha": 0.08074126876487486, "topK": 371.8357451374953}, "datetime": {"datetime": "2020-11-17 17:48:10", "elapsed": 94.449061, "delta": 19.554037}}
{"target": 0.05613415934911771, "params": {"alpha": 0.4413092228959531, "topK": 87.5718351791991}, "datetime": {"datetime": "2020-11-17 17:48:26", "elapsed": 110.19097, "delta": 15.741909}}
{"target": 0.0425990827754048, "params": {"alpha": 0.8799370312012789, "topK": 144.30236637619007}, "datetime": {"datetime": "2020-11-17 17:48:44", "elapsed": 127.785399, "delta": 17.594429}}
{"target": 0.0560421965268798, "params": {"alpha": 0.4142350190810513, "topK": 155.07916703948752}, "datetime": {"datetime": "2020-11-17 17:49:02", "elapsed": 145.960321, "delta": 18.174922}}
{"target": 0.05684784818859489, "params": {"alpha": 0.6287879088794833, "topK": 294.1205269928771}, "datetime": {"datetime": "2020-11-17 17:49:21", "elapsed": 165.452007, "delta": 19.491686}}
{"target": 0.05582018056501541, "params": {"alpha": 0.46061221989079737, "topK": 87.5760740883646}, "datetime": {"datetime": "2020-11-17 17:49:37", "elapsed": 181.566358, "delta": 16.114351}}
{"target": 0.04938416075614617, "params": {"alpha": 0.07097314421447443, "topK": 87.2393805895245}, "datetime": {"datetime": "2020-11-17 17:49:53", "elapsed": 197.626538, "delta": 16.06018}}
{"target": 0.05657337400791142, "params": {"alpha": 0.44334358845120037, "topK": 293.89970079323354}, "datetime": {"datetime": "2020-11-17 17:50:12", "elapsed": 216.612097, "delta": 18.985559}}
{"target": 0.05273647615434936, "params": {"alpha": 0.20998605225689215, "topK": 294.158902965449}, "datetime": {"datetime": "2020-11-17 17:50:32", "elapsed": 235.852876, "delta": 19.240779}}
{"target": 0.05376127574789728, "params": {"alpha": 0.7291969590313143, "topK": 293.85464580308195}, "datetime": {"datetime": "2020-11-17 17:50:51", "elapsed": 254.953541, "delta": 19.100665}}
{"target": 0.05542696052561148, "params": {"alpha": 0.32569345134833594, "topK": 309.4707672028278}, "datetime": {"datetime": "2020-11-17 17:51:10", "elapsed": 274.187323, "delta": 19.233782}}
{"target": 0.056079113977622844, "params": {"alpha": 0.49097913492871037, "topK": 191.56555939559766}, "datetime": {"datetime": "2020-11-17 17:51:28", "elapsed": 292.209101, "delta": 18.021778}}
{"target": 0.05195206542208383, "params": {"alpha": 0.1801467685502276, "topK": 87.80512022638412}, "datetime": {"datetime": "2020-11-17 17:51:44", "elapsed": 308.510459, "delta": 16.301358}}
{"target": 0.055743800610479004, "params": {"alpha": 0.6614604457002236, "topK": 309.60551883944436}, "datetime": {"datetime": "2020-11-17 17:52:03", "elapsed": 327.736226, "delta": 19.225767}}
{"target": 0.04943883507255393, "params": {"alpha": 0.7826291370160606, "topK": 191.7427242435499}, "datetime": {"datetime": "2020-11-17 17:52:21", "elapsed": 345.498802, "delta": 17.762576}}
