{"target": 0.057363088158248726, "params": {"alpha": 0.3221993171089739, "topK": 436.6588300269144}, "datetime": {"datetime": "2020-11-18 13:04:02", "elapsed": 0.0, "delta": 0.0}}
{"target": 0.05737191537830317, "params": {"alpha": 0.32067191553394264, "topK": 460.11934488958155}, "datetime": {"datetime": "2020-11-18 13:04:14", "elapsed": 12.237671, "delta": 12.237671}}
{"target": 0.05777223813502006, "params": {"alpha": 0.34884111887948294, "topK": 309.7544928222964}, "datetime": {"datetime": "2020-11-18 13:04:24", "elapsed": 22.200976, "delta": 9.963305}}
{"target": 0.05757712256607797, "params": {"alpha": 0.37659078564803156, "topK": 264.0248140577422}, "datetime": {"datetime": "2020-11-18 13:04:34", "elapsed": 31.580062, "delta": 9.379086}}
{"target": 0.05632119530172381, "params": {"alpha": 0.3296800501576222, "topK": 101.9834020440133}, "datetime": {"datetime": "2020-11-18 13:04:41", "elapsed": 38.319666, "delta": 6.739604}}
{"target": 0.057701710811195295, "params": {"alpha": 0.3548223415498709, "topK": 308.4131159403692}, "datetime": {"datetime": "2020-11-18 13:04:51", "elapsed": 48.332927, "delta": 10.013261}}
{"target": 0.058035043161216646, "params": {"alpha": 0.38698381247085917, "topK": 326.4957272174639}, "datetime": {"datetime": "2020-11-18 13:05:01", "elapsed": 58.510263, "delta": 10.177336}}
{"target": 0.05758850060987814, "params": {"alpha": 0.3282140426897419, "topK": 356.1921266786348}, "datetime": {"datetime": "2020-11-18 13:05:11", "elapsed": 69.100963, "delta": 10.5907}}
{"target": 0.057161383331209355, "params": {"alpha": 0.3423982007383324, "topK": 224.286126701587}, "datetime": {"datetime": "2020-11-18 13:05:20", "elapsed": 77.70989, "delta": 8.608927}}
{"target": 0.04850545884260457, "params": {"alpha": 0.3769563698600045, "topK": 10.000589569733688}, "datetime": {"datetime": "2020-11-18 13:05:25", "elapsed": 82.460742, "delta": 4.750852}}
{"target": 0.05751796426767743, "params": {"alpha": 0.39999506770780174, "topK": 158.71560494623824}, "datetime": {"datetime": "2020-11-18 13:05:32", "elapsed": 89.967598, "delta": 7.506856}}
{"target": 0.0570831534715184, "params": {"alpha": 0.3070654647296886, "topK": 499.98623090756433}, "datetime": {"datetime": "2020-11-18 13:05:44", "elapsed": 102.229124, "delta": 12.261526}}
{"target": 0.05783590739133723, "params": {"alpha": 0.34926943143074185, "topK": 395.7010648845326}, "datetime": {"datetime": "2020-11-18 13:05:56", "elapsed": 113.422286, "delta": 11.193162}}
{"target": 0.057045822789419, "params": {"alpha": 0.3340883759613229, "topK": 133.0780123540373}, "datetime": {"datetime": "2020-11-18 13:06:03", "elapsed": 120.60575, "delta": 7.183464}}
{"target": 0.05746264358322036, "params": {"alpha": 0.31574629374032875, "topK": 188.93454283615065}, "datetime": {"datetime": "2020-11-18 13:06:11", "elapsed": 128.656377, "delta": 8.050627}}
{"target": 0.0582136276818852, "params": {"alpha": 0.3942923947101138, "topK": 378.8512085517267}, "datetime": {"datetime": "2020-11-18 13:06:22", "elapsed": 139.697482, "delta": 11.041105}}
{"target": 0.0575011854809655, "params": {"alpha": 0.3627978546262301, "topK": 247.16457629633064}, "datetime": {"datetime": "2020-11-18 13:06:31", "elapsed": 148.705251, "delta": 9.007769}}
{"target": 0.057447810490039976, "params": {"alpha": 0.32292262166951446, "topK": 383.9755605128327}, "datetime": {"datetime": "2020-11-18 13:06:42", "elapsed": 159.817708, "delta": 11.112457}}
{"target": 0.05623183637283499, "params": {"alpha": 0.36771957469388417, "topK": 67.36489956755031}, "datetime": {"datetime": "2020-11-18 13:06:48", "elapsed": 165.802433, "delta": 5.984725}}
{"target": 0.05792016835313108, "params": {"alpha": 0.4, "topK": 414.9547673592744}, "datetime": {"datetime": "2020-11-18 13:07:00", "elapsed": 177.797251, "delta": 11.994818}}
{"target": 0.05789599404865853, "params": {"alpha": 0.3766209902737944, "topK": 479.93681731051083}, "datetime": {"datetime": "2020-11-18 13:07:12", "elapsed": 190.272212, "delta": 12.474961}}
{"target": 0.05706902575018839, "params": {"alpha": 0.3, "topK": 283.44773573837136}, "datetime": {"datetime": "2020-11-18 13:07:22", "elapsed": 200.059446, "delta": 9.787234}}
{"target": 0.057542842370701196, "params": {"alpha": 0.39159103115262883, "topK": 205.72016274938983}, "datetime": {"datetime": "2020-11-18 13:07:31", "elapsed": 208.676208, "delta": 8.616762}}
{"target": 0.057607656230298565, "params": {"alpha": 0.3562501506856407, "topK": 368.52361587089126}, "datetime": {"datetime": "2020-11-18 13:07:42", "elapsed": 219.797651, "delta": 11.121443}}
{"target": 0.058149913080836814, "params": {"alpha": 0.38773510078436596, "topK": 341.0487771123107}, "datetime": {"datetime": "2020-11-18 13:07:53", "elapsed": 230.375997, "delta": 10.578346}}
{"target": 0.057470998139236486, "params": {"alpha": 0.3150819747389601, "topK": 173.2778650802299}, "datetime": {"datetime": "2020-11-18 13:08:01", "elapsed": 238.433161, "delta": 8.057164}}
{"target": 0.057290450703028746, "params": {"alpha": 0.3, "topK": 405.4162247650832}, "datetime": {"datetime": "2020-11-18 13:08:12", "elapsed": 249.92212, "delta": 11.488959}}
{"target": 0.055321002094960256, "params": {"alpha": 0.3747546165944074, "topK": 47.130541083463356}, "datetime": {"datetime": "2020-11-18 13:08:18", "elapsed": 255.608501, "delta": 5.686381}}
{"target": 0.05788769174865243, "params": {"alpha": 0.4, "topK": 425.1119250607837}, "datetime": {"datetime": "2020-11-18 13:08:30", "elapsed": 267.511271, "delta": 11.90277}}
{"target": 0.056644981855364776, "params": {"alpha": 0.4, "topK": 84.67712037314656}, "datetime": {"datetime": "2020-11-18 13:08:36", "elapsed": 273.877844, "delta": 6.366573}}
{"target": 0.05706196444613454, "params": {"alpha": 0.36266448846193655, "topK": 146.20521148529755}, "datetime": {"datetime": "2020-11-18 13:08:44", "elapsed": 281.309122, "delta": 7.431278}}
{"target": 0.05699303461100956, "params": {"alpha": 0.3203029702510829, "topK": 118.68208080705443}, "datetime": {"datetime": "2020-11-18 13:08:50", "elapsed": 288.250561, "delta": 6.941439}}
{"target": 0.05806095618608891, "params": {"alpha": 0.3912106759235032, "topK": 470.97537407618177}, "datetime": {"datetime": "2020-11-18 13:09:03", "elapsed": 300.562698, "delta": 12.312137}}
{"target": 0.05764800551171665, "params": {"alpha": 0.4, "topK": 236.3496963769923}, "datetime": {"datetime": "2020-11-18 13:09:12", "elapsed": 309.512307, "delta": 8.949609}}
{"target": 0.057750130527646326, "params": {"alpha": 0.34446807029747073, "topK": 334.1849474403791}, "datetime": {"datetime": "2020-11-18 13:09:22", "elapsed": 320.046876, "delta": 10.534569}}
{"target": 0.05743691241488168, "params": {"alpha": 0.322645246842005, "topK": 347.7771948394793}, "datetime": {"datetime": "2020-11-18 13:09:33", "elapsed": 331.011042, "delta": 10.964166}}
{"target": 0.057872126790386405, "params": {"alpha": 0.36612686776947445, "topK": 319.20200029827845}, "datetime": {"datetime": "2020-11-18 13:09:44", "elapsed": 341.417318, "delta": 10.406276}}
{"target": 0.058020505286397774, "params": {"alpha": 0.3945543237499421, "topK": 489.41046510583755}, "datetime": {"datetime": "2020-11-18 13:09:56", "elapsed": 353.799321, "delta": 12.382003}}
{"target": 0.05774236107037386, "params": {"alpha": 0.3819708724024943, "topK": 273.0342072207373}, "datetime": {"datetime": "2020-11-18 13:10:05", "elapsed": 363.193804, "delta": 9.394483}}
{"target": 0.05801330291921177, "params": {"alpha": 0.39438171531119176, "topK": 448.0346745681097}, "datetime": {"datetime": "2020-11-18 13:10:17", "elapsed": 375.135756, "delta": 11.941952}}
{"target": 0.057538016162952364, "params": {"alpha": 0.4, "topK": 197.5714735597753}, "datetime": {"datetime": "2020-11-18 13:10:26", "elapsed": 383.504786, "delta": 8.36903}}
{"target": 0.057560404098534364, "params": {"alpha": 0.3692143070886861, "topK": 295.78080486662157}, "datetime": {"datetime": "2020-11-18 13:10:36", "elapsed": 393.572898, "delta": 10.068112}}
{"target": 0.057773045715130804, "params": {"alpha": 0.33684400654589436, "topK": 374.9469498988421}, "datetime": {"datetime": "2020-11-18 13:10:47", "elapsed": 404.692675, "delta": 11.119777}}
{"target": 0.05755645253277573, "params": {"alpha": 0.38771995940883563, "topK": 214.53046972552906}, "datetime": {"datetime": "2020-11-18 13:10:56", "elapsed": 413.307468, "delta": 8.614793}}
{"target": 0.05704968712135459, "params": {"alpha": 0.3087699310828304, "topK": 255.50370787995803}, "datetime": {"datetime": "2020-11-18 13:11:05", "elapsed": 422.556122, "delta": 9.248654}}
