{"target": 0.06773972072359236, "params": {"cbfAlpha": 0.2775945368717916, "cbfTopK": 436.6588300269144, "cfAlpha": 0.26537532427154115, "cfTopK": 460.11934488958155, "hybridAlpha": 0.49072895103586334, "hybridTopK": 309.7544928222964}, "datetime": {"datetime": "2020-11-18 12:44:41", "elapsed": 0.0, "delta": 0.0}}
{"target": 0.0643384875953885, "params": {"cbfAlpha": 0.7127262851842525, "cbfTopK": 264.0248140577422, "cfAlpha": 0.3374404012609776, "cfTopK": 101.9834020440133, "hybridAlpha": 0.16459301501189988, "hybridTopK": 371.8357451374953}, "datetime": {"datetime": "2020-11-18 12:45:31", "elapsed": 49.884302, "delta": 49.884302}}
{"target": 0.03981136141789544, "params": {"cbfAlpha": 0.45304737831676245, "cbfTopK": 87.5718351791991, "cfAlpha": 0.8039496249610231, "cfTopK": 144.30236637619007, "hybridAlpha": 0.43138801526484105, "hybridTopK": 155.07916703948752}, "datetime": {"datetime": "2020-11-18 12:46:12", "elapsed": 91.42794, "delta": 41.543638}}
{"target": 0.05824933954305584, "params": {"cbfAlpha": 0.6030303271035866, "cbfTopK": 294.1205269928771, "cfAlpha": 0.57994335729999, "cfTopK": 140.25136759239854, "hybridAlpha": 0.327748704513091, "hybridTopK": 134.25822082915587}, "datetime": {"datetime": "2020-11-18 12:47:02", "elapsed": 141.253269, "delta": 49.825329}}
{"target": 0.057087304713181325, "params": {"cbfAlpha": 0.3620511581509873, "cbfTopK": 80.64050732017603, "cfAlpha": 0.2324902889610141, "cfTopK": 482.3259592432915, "hybridAlpha": 0.8681813722285551, "hybridTopK": 102.32318124200823}, "datetime": {"datetime": "2020-11-18 12:47:47", "elapsed": 185.852582, "delta": 44.599313}}
{"target": 0.03366408068458148, "params": {"cbfAlpha": 0.11944524930358957, "cbfTopK": 110.23221772617582, "cfAlpha": 0.659874891301246, "cfTopK": 391.96214692220957, "hybridAlpha": 0.11834647395126519, "hybridTopK": 293.05480048358044}, "datetime": {"datetime": "2020-11-18 12:48:33", "elapsed": 232.021153, "delta": 46.168571}}
{"target": 0.03346106311149038, "params": {"cbfAlpha": 0.10131373817283623, "cbfTopK": 262.5815798336428, "cfAlpha": 0.6118361409046857, "cfTopK": 492.9559573740525, "hybridAlpha": 0.3072780771288846, "hybridTopK": 403.2234737788064}, "datetime": {"datetime": "2020-11-18 12:49:27", "elapsed": 286.217468, "delta": 54.196315}}
{"target": 0.0526972996779381, "params": {"cbfAlpha": 0.7963864696011865, "cbfTopK": 462.14731083337824, "cfAlpha": 0.10177137002595488, "cfTopK": 240.04930216121286, "hybridAlpha": 0.8851749900848084, "hybridTopK": 205.48295391239674}, "datetime": {"datetime": "2020-11-18 12:50:26", "elapsed": 345.160873, "delta": 58.943405}}
{"target": 0.029830949760367088, "params": {"cbfAlpha": 0.7509859820695345, "cbfTopK": 277.7636840065141, "cfAlpha": 0.7166832697121797, "cfTopK": 247.61622674434443, "hybridAlpha": 0.12328925093817418, "hybridTopK": 52.39758731708049}, "datetime": {"datetime": "2020-11-18 12:51:18", "elapsed": 396.788636, "delta": 51.627763}}
{"target": 0.03710329297206313, "params": {"cbfAlpha": 0.18916304990241867, "cbfTopK": 133.11010472836836, "cfAlpha": 0.871932234021092, "cfTopK": 319.5653658414953, "hybridAlpha": 0.7533281620922895, "hybridTopK": 287.3801780854506}, "datetime": {"datetime": "2020-11-18 12:52:07", "elapsed": 446.403195, "delta": 49.614559}}
{"target": 0.04695621041280515, "params": {"cbfAlpha": 0.6082849644655145, "cbfTopK": 407.8321716784012, "cfAlpha": 0.8413460921950995, "cfTopK": 457.18711421485375, "hybridAlpha": 0.7598485763508204, "hybridTopK": 56.159338766888105}, "datetime": {"datetime": "2020-11-18 12:53:05", "elapsed": 503.816048, "delta": 57.412853}}
{"target": 0.036246864989061836, "params": {"cbfAlpha": 0.38883873477104725, "cbfTopK": 27.39942556256183, "cfAlpha": 0.5370866788326455, "cfTopK": 400.1099332194421, "hybridAlpha": 0.1409142424810777, "hybridTopK": 102.44719053862288}, "datetime": {"datetime": "2020-11-18 12:53:46", "elapsed": 545.482724, "delta": 41.666676}}
{"target": 0.049204761701971786, "params": {"cbfAlpha": 0.39238221432973186, "cbfTopK": 129.7025248093751, "cfAlpha": 0.7360699783368256, "cfTopK": 182.52651852552057, "hybridAlpha": 0.6111021456482922, "hybridTopK": 251.77337542941225}, "datetime": {"datetime": "2020-11-18 12:54:31", "elapsed": 590.297901, "delta": 44.815177}}
