{"target": 0.03558671082367687, "params": {"alpha": 0.2775945368717916, "topK": 436.6588300269144}, "datetime": {"datetime": "2020-11-18 11:03:47", "elapsed": 0.0, "delta": 0.0}}
{"target": 0.03532200836205387, "params": {"alpha": 0.26537532427154115, "topK": 460.11934488958155}, "datetime": {"datetime": "2020-11-18 11:04:27", "elapsed": 39.97278, "delta": 39.97278}}
{"target": 0.03528444345418169, "params": {"alpha": 0.49072895103586334, "topK": 309.7544928222964}, "datetime": {"datetime": "2020-11-18 11:05:01", "elapsed": 73.899602, "delta": 33.926822}}
{"target": 0.030539063182306193, "params": {"alpha": 0.6615928206095365, "topK": 437.7088309972709}, "datetime": {"datetime": "2020-11-18 11:05:41", "elapsed": 113.256025, "delta": 39.356423}}
{"target": 0.03359996005289658, "params": {"alpha": 0.11434362298302281, "topK": 58.64922329418704}, "datetime": {"datetime": "2020-11-18 11:06:05", "elapsed": 137.948273, "delta": 24.692248}}
{"target": 0.036004461803325616, "params": {"alpha": 0.31616431997617533, "topK": 436.6065868157264}, "datetime": {"datetime": "2020-11-18 11:06:44", "elapsed": 177.051857, "delta": 39.103584}}
{"target": 0.03508560701062009, "params": {"alpha": 0.505243792107661, "topK": 309.7911248084244}, "datetime": {"datetime": "2020-11-18 11:07:19", "elapsed": 211.629203, "delta": 34.577346}}
{"target": 0.03505140042400201, "params": {"alpha": 0.5061059928157976, "topK": 436.12083811626826}, "datetime": {"datetime": "2020-11-18 11:07:58", "elapsed": 251.021645, "delta": 39.392442}}
{"target": 0.02635858206475138, "params": {"alpha": 0.7723518065075762, "topK": 436.5771802359912}, "datetime": {"datetime": "2020-11-18 11:08:38", "elapsed": 290.411945, "delta": 39.3903}}
{"target": 0.03537756609986748, "params": {"alpha": 0.4927833079429683, "topK": 191.56555939559766}, "datetime": {"datetime": "2020-11-18 11:09:08", "elapsed": 321.118268, "delta": 30.706323}}
{"target": 0.03248618274415286, "params": {"alpha": 0.1284358247138231, "topK": 436.432264010501}, "datetime": {"datetime": "2020-11-18 11:09:49", "elapsed": 361.154111, "delta": 40.035843}}
{"target": 0.03008287223174106, "params": {"alpha": 0.6570884419329869, "topK": 191.29807130403117}, "datetime": {"datetime": "2020-11-18 11:10:19", "elapsed": 391.801231, "delta": 30.64712}}
{"target": 0.035152647380846, "params": {"alpha": 0.4974363567056891, "topK": 191.84647806543154}, "datetime": {"datetime": "2020-11-18 11:10:50", "elapsed": 422.391318, "delta": 30.590087}}
{"target": 0.03541811326814694, "params": {"alpha": 0.24225287915446003, "topK": 191.70374034660682}, "datetime": {"datetime": "2020-11-18 11:11:20", "elapsed": 452.757221, "delta": 30.365903}}
{"target": 0.0352468251118415, "params": {"alpha": 0.49953667987990913, "topK": 460.3218216801003}, "datetime": {"datetime": "2020-11-18 11:12:01", "elapsed": 493.859927, "delta": 41.102706}}
{"target": 0.034457132003073696, "params": {"alpha": 0.22129818242380575, "topK": 460.4755568455215}, "datetime": {"datetime": "2020-11-18 11:12:42", "elapsed": 534.728451, "delta": 40.868524}}
{"target": 0.03398634682303167, "params": {"alpha": 0.5571625619789011, "topK": 459.84436978166036}, "datetime": {"datetime": "2020-11-18 11:13:23", "elapsed": 575.851174, "delta": 41.122723}}
{"target": 0.03425862634832126, "params": {"alpha": 0.18336099933807548, "topK": 309.65127129421535}, "datetime": {"datetime": "2020-11-18 11:13:58", "elapsed": 610.697752, "delta": 34.846578}}
