{"target": 0.07077476366346096, "params": {"alpha": 0.3221993171089739, "topK": 436.6588300269144}, "datetime": {"datetime": "2020-11-17 22:24:45", "elapsed": 0.0, "delta": 0.0}}
{"target": 0.07087745917946513, "params": {"alpha": 0.32067191553394264, "topK": 460.11934488958155}, "datetime": {"datetime": "2020-11-17 22:24:56", "elapsed": 11.414508, "delta": 11.414508}}
{"target": 0.07175994255430715, "params": {"alpha": 0.34884111887948294, "topK": 309.7544928222964}, "datetime": {"datetime": "2020-11-17 22:25:06", "elapsed": 20.943569, "delta": 9.529061}}
{"target": 0.07256364257810574, "params": {"alpha": 0.37659078564803156, "topK": 264.0248140577422}, "datetime": {"datetime": "2020-11-17 22:25:14", "elapsed": 29.829949, "delta": 8.88638}}
{"target": 0.07099186651416985, "params": {"alpha": 0.3296800501576222, "topK": 101.9834020440133}, "datetime": {"datetime": "2020-11-17 22:25:21", "elapsed": 36.11448, "delta": 6.284531}}
{"target": 0.06983119431009645, "params": {"alpha": 0.3066729810040958, "topK": 264.9602077859726}, "datetime": {"datetime": "2020-11-17 22:25:30", "elapsed": 45.057147, "delta": 8.942667}}
{"target": 0.0683162983269592, "params": {"alpha": 0.30179295287287783, "topK": 58.64922329418704}, "datetime": {"datetime": "2020-11-17 22:25:35", "elapsed": 50.781519, "delta": 5.724372}}
{"target": 0.072693501429567, "params": {"alpha": 0.3855107144686889, "topK": 264.04725913565215}, "datetime": {"datetime": "2020-11-17 22:25:44", "elapsed": 59.691016, "delta": 8.909497}}
{"target": 0.07022649712936047, "params": {"alpha": 0.31427047323558266, "topK": 264.39680824463153}, "datetime": {"datetime": "2020-11-17 22:25:53", "elapsed": 68.593392, "delta": 8.902376}}
{"target": 0.06937569440303426, "params": {"alpha": 0.30106313841211857, "topK": 309.4624204755022}, "datetime": {"datetime": "2020-11-17 22:26:03", "elapsed": 78.309276, "delta": 9.715884}}
{"target": 0.07181870581651525, "params": {"alpha": 0.3346209685039418, "topK": 264.14909440746385}, "datetime": {"datetime": "2020-11-17 22:26:12", "elapsed": 87.614134, "delta": 9.304858}}
{"target": 0.07135981710624954, "params": {"alpha": 0.34909791349287106, "topK": 191.56555939559766}, "datetime": {"datetime": "2020-11-17 22:26:20", "elapsed": 95.683351, "delta": 8.069217}}
{"target": 0.07273639221871069, "params": {"alpha": 0.3865651283369351, "topK": 309.9758146418979}, "datetime": {"datetime": "2020-11-17 22:26:30", "elapsed": 105.699323, "delta": 10.015972}}
{"target": 0.07133233113555239, "params": {"alpha": 0.33180753539737357, "topK": 310.2848235140386}, "datetime": {"datetime": "2020-11-17 22:26:40", "elapsed": 115.633155, "delta": 9.933832}}
{"target": 0.07280351425461856, "params": {"alpha": 0.3962363763123918, "topK": 263.56480882624805}, "datetime": {"datetime": "2020-11-17 22:26:49", "elapsed": 124.728995, "delta": 9.09584}}
{"target": 0.07139576442464614, "params": {"alpha": 0.3328153206303736, "topK": 263.3592805860959}, "datetime": {"datetime": "2020-11-17 22:26:58", "elapsed": 133.760006, "delta": 9.031011}}
{"target": 0.07132843228831161, "params": {"alpha": 0.32585195132884903, "topK": 263.7389462383014}, "datetime": {"datetime": "2020-11-17 22:27:08", "elapsed": 142.847587, "delta": 9.087581}}
{"target": 0.07205569456486953, "params": {"alpha": 0.39214569363987634, "topK": 191.97953933552654}, "datetime": {"datetime": "2020-11-17 22:27:16", "elapsed": 150.888115, "delta": 8.040528}}
{"target": 0.07229388588564746, "params": {"alpha": 0.38125235728500295, "topK": 192.1980396471385}, "datetime": {"datetime": "2020-11-17 22:27:23", "elapsed": 158.761229, "delta": 7.873114}}
{"target": 0.07020748476152139, "params": {"alpha": 0.312209811098041, "topK": 192.44301639187745}, "datetime": {"datetime": "2020-11-17 22:27:32", "elapsed": 166.851437, "delta": 8.090208}}
{"target": 0.07224020638784083, "params": {"alpha": 0.39011575401852006, "topK": 190.86209489223293}, "datetime": {"datetime": "2020-11-17 22:27:39", "elapsed": 174.819774, "delta": 7.968337}}
{"target": 0.0718444644253894, "params": {"alpha": 0.36661478997958524, "topK": 190.64819611493365}, "datetime": {"datetime": "2020-11-17 22:27:47", "elapsed": 182.68411, "delta": 7.864336}}
{"target": 0.07074108741064117, "params": {"alpha": 0.3229108443805661, "topK": 191.1014635642395}, "datetime": {"datetime": "2020-11-17 22:27:55", "elapsed": 190.561652, "delta": 7.877542}}
{"target": 0.06955447226667646, "params": {"alpha": 0.3034366821108014, "topK": 310.0112646471939}, "datetime": {"datetime": "2020-11-17 22:28:05", "elapsed": 200.2951, "delta": 9.733448}}
{"target": 0.07258630096758222, "params": {"alpha": 0.37905483470900864, "topK": 264.0204108291923}, "datetime": {"datetime": "2020-11-17 22:28:14", "elapsed": 209.415529, "delta": 9.120429}}
{"target": 0.07133818605161904, "params": {"alpha": 0.32585395628620395, "topK": 263.5657531955417}, "datetime": {"datetime": "2020-11-17 22:28:23", "elapsed": 218.720585, "delta": 9.305056}}
{"target": 0.07204280012335285, "params": {"alpha": 0.3625776191470458, "topK": 309.8636303052959}, "datetime": {"datetime": "2020-11-17 22:28:33", "elapsed": 228.528348, "delta": 9.807763}}
{"target": 0.07239622415538097, "params": {"alpha": 0.37689852792717377, "topK": 493.4889844421705}, "datetime": {"datetime": "2020-11-17 22:28:45", "elapsed": 240.099912, "delta": 11.571564}}
{"target": 0.07183229270247918, "params": {"alpha": 0.3525266387766793, "topK": 493.4065836249451}, "datetime": {"datetime": "2020-11-17 22:28:56", "elapsed": 251.675257, "delta": 11.575345}}
{"target": 0.07232293780261849, "params": {"alpha": 0.37635570899057896, "topK": 168.24152879003253}, "datetime": {"datetime": "2020-11-17 22:29:04", "elapsed": 259.284885, "delta": 7.609628}}
{"target": 0.07284995179301805, "params": {"alpha": 0.3849432216465411, "topK": 263.50803895653786}, "datetime": {"datetime": "2020-11-17 22:29:13", "elapsed": 268.370607, "delta": 9.085722}}
{"target": 0.07096000212221272, "params": {"alpha": 0.3338624859093408, "topK": 192.0830781264258}, "datetime": {"datetime": "2020-11-17 22:29:21", "elapsed": 276.4046, "delta": 8.033993}}
{"target": 0.07160761943732172, "params": {"alpha": 0.35784367238216164, "topK": 208.39857422294338}, "datetime": {"datetime": "2020-11-17 22:29:29", "elapsed": 284.690697, "delta": 8.286097}}
{"target": 0.07237738554218966, "params": {"alpha": 0.3990226584361486, "topK": 168.1484713480257}, "datetime": {"datetime": "2020-11-17 22:29:37", "elapsed": 292.425758, "delta": 7.735061}}
{"target": 0.06996135791769652, "params": {"alpha": 0.3, "topK": 493.5447203751191}, "datetime": {"datetime": "2020-11-17 22:29:49", "elapsed": 304.158136, "delta": 11.732378}}
{"target": 0.07228564985939358, "params": {"alpha": 0.38680066078343056, "topK": 190.75116538085095}, "datetime": {"datetime": "2020-11-17 22:29:57", "elapsed": 312.207355, "delta": 8.049219}}
{"target": 0.07016428409593306, "params": {"alpha": 0.31828647595455806, "topK": 168.12658640728372}, "datetime": {"datetime": "2020-11-17 22:30:05", "elapsed": 319.933599, "delta": 7.726244}}
{"target": 0.07085148375500899, "params": {"alpha": 0.32891906544009436, "topK": 190.80742219617994}, "datetime": {"datetime": "2020-11-17 22:30:13", "elapsed": 327.884059, "delta": 7.95046}}
{"target": 0.070379907569914, "params": {"alpha": 0.31238084575243447, "topK": 458.9241012763753}, "datetime": {"datetime": "2020-11-17 22:30:24", "elapsed": 339.29097, "delta": 11.406911}}
{"target": 0.07186420203001818, "params": {"alpha": 0.33844158566035765, "topK": 263.4581058695021}, "datetime": {"datetime": "2020-11-17 22:30:33", "elapsed": 348.386656, "delta": 9.095686}}
{"target": 0.06955741000729165, "params": {"alpha": 0.3056016245607349, "topK": 172.324289506134}, "datetime": {"datetime": "2020-11-17 22:30:41", "elapsed": 356.050108, "delta": 7.663452}}
{"target": 0.07274825389729708, "params": {"alpha": 0.395739706809234, "topK": 264.1097541509183}, "datetime": {"datetime": "2020-11-17 22:30:50", "elapsed": 365.16141, "delta": 9.111302}}
{"target": 0.0725162362386318, "params": {"alpha": 0.39064150198821485, "topK": 263.8984931751511}, "datetime": {"datetime": "2020-11-17 22:30:59", "elapsed": 374.295453, "delta": 9.134043}}
{"target": 0.07215361582917924, "params": {"alpha": 0.39403717394375215, "topK": 188.47639993684822}, "datetime": {"datetime": "2020-11-17 22:31:07", "elapsed": 382.138263, "delta": 7.84281}}
{"target": 0.07215801987994908, "params": {"alpha": 0.3995191732047101, "topK": 168.35210940769016}, "datetime": {"datetime": "2020-11-17 22:31:14", "elapsed": 389.652988, "delta": 7.514725}}
