{"target": 0.026927444369801663, "params": {"num_factors": 118.77665383397235, "topK": 436.6588300269144}, "datetime": {"datetime": "2020-11-18 08:47:11", "elapsed": 0.0, "delta": 0.0}}
{"target": 0.02689850837835913, "params": {"num_factors": 111.29238611631895, "topK": 460.11934488958155}, "datetime": {"datetime": "2020-11-18 08:47:43", "elapsed": 32.674215, "delta": 32.674215}}
{"target": 0.03013550041178062, "params": {"num_factors": 249.32148250946628, "topK": 309.7544928222964}, "datetime": {"datetime": "2020-11-18 08:48:19", "elapsed": 68.26763, "delta": 35.593415}}
{"target": 0.0311454928703276, "params": {"num_factors": 385.2948496753546, "topK": 264.0248140577422}, "datetime": {"datetime": "2020-11-18 08:49:00", "elapsed": 109.917228, "delta": 41.649598}}
{"target": 0.026126150590362707, "params": {"num_factors": 155.43224577234875, "topK": 101.9834020440133}, "datetime": {"datetime": "2020-11-18 08:49:26", "elapsed": 135.730691, "delta": 25.813463}}
{"target": 0.030954466851280636, "params": {"num_factors": 387.0206087169008, "topK": 263.2789454237118}, "datetime": {"datetime": "2020-11-18 08:50:10", "elapsed": 179.036913, "delta": 43.306222}}
{"target": 0.03134834712911895, "params": {"num_factors": 346.2934717051732, "topK": 282.87451275268637}, "datetime": {"datetime": "2020-11-18 08:50:48", "elapsed": 217.885241, "delta": 38.848328}}
{"target": 0.030685625629659142, "params": {"num_factors": 344.05646105814753, "topK": 230.3093990495882}, "datetime": {"datetime": "2020-11-18 08:51:27", "elapsed": 255.995472, "delta": 38.110231}}
{"target": 0.031261422275281635, "params": {"num_factors": 383.59864921640434, "topK": 322.6365279701566}, "datetime": {"datetime": "2020-11-18 08:52:10", "elapsed": 299.895645, "delta": 43.900173}}
{"target": 0.03148375390384229, "params": {"num_factors": 331.1604424604127, "topK": 373.3729350511166}, "datetime": {"datetime": "2020-11-18 08:52:53", "elapsed": 342.066313, "delta": 42.170668}}
{"target": 0.03126836704222906, "params": {"num_factors": 387.81827239365964, "topK": 403.0823078160792}, "datetime": {"datetime": "2020-11-18 08:53:40", "elapsed": 389.353014, "delta": 47.286701}}
{"target": 0.031464424412786636, "params": {"num_factors": 329.8482320870843, "topK": 441.0629813512521}, "datetime": {"datetime": "2020-11-18 08:54:25", "elapsed": 434.33867, "delta": 44.985656}}
{"target": 0.029823354136329114, "params": {"num_factors": 270.79876929063636, "topK": 409.0407416490675}, "datetime": {"datetime": "2020-11-18 08:55:02", "elapsed": 471.184788, "delta": 36.846118}}
{"target": 0.03184617374295913, "params": {"num_factors": 386.24147841133805, "topK": 478.4599024960548}, "datetime": {"datetime": "2020-11-18 08:55:48", "elapsed": 517.143423, "delta": 45.958635}}
{"target": 0.031870263961084985, "params": {"num_factors": 447.5870534092882, "topK": 461.9014984758852}, "datetime": {"datetime": "2020-11-18 08:56:41", "elapsed": 570.845603, "delta": 53.70218}}
