{"target": 0.019683011200435693, "params": {"alpha": 0.2775945368717916, "beta": 0.7965858449419011, "topK": 111.29238611631895}, "datetime": {"datetime": "2020-11-18 10:20:55", "elapsed": 0.0, "delta": 0.0}}
{"target": 0.028752771992604103, "params": {"alpha": 0.8348887263503373, "beta": 0.49072895103586334, "topK": 309.7544928222964}, "datetime": {"datetime": "2020-11-18 10:21:16", "elapsed": 21.164967, "delta": 21.164967}}
{"target": 0.029442515774061595, "params": {"alpha": 0.7127262851842525, "beta": 0.5147343902983547, "topK": 155.43224577234875}, "datetime": {"datetime": "2020-11-18 10:21:35", "elapsed": 40.307439, "delta": 19.142472}}
{"target": 0.044448176947839216, "params": {"alpha": 0.2501769829290013, "beta": 0.16459301501189988, "topK": 371.8357451374953}, "datetime": {"datetime": "2020-11-18 10:21:58", "elapsed": 62.634586, "delta": 22.327147}}
{"target": 0.04304729275645332, "params": {"alpha": 0.45304737831676245, "beta": 0.226647894170121, "topK": 441.1691452886266}, "datetime": {"datetime": "2020-11-18 10:22:20", "elapsed": 85.368035, "delta": 22.733449}}
{"target": 0.020815739303659365, "params": {"alpha": 0.829208829381808, "beta": 0.8665627351551889, "topK": 372.59216061091325}, "datetime": {"datetime": "2020-11-18 10:22:43", "elapsed": 107.731866, "delta": 22.363831}}
{"target": 0.03792832651060255, "params": {"alpha": 0.8638864816723827, "beta": 0.27002952256408963, "topK": 323.1592161141375}, "datetime": {"datetime": "2020-11-18 10:23:04", "elapsed": 129.100278, "delta": 21.368412}}
{"target": 0.037472832211337896, "params": {"alpha": 0.24298218736526433, "beta": 0.3505315980722037, "topK": 236.84055411256045}, "datetime": {"datetime": "2020-11-18 10:23:24", "elapsed": 149.298875, "delta": 20.198597}}
{"target": 0.041877391729932836, "params": {"alpha": 0.36252888201497935, "beta": 0.24800579049125374, "topK": 441.0970506629215}, "datetime": {"datetime": "2020-11-18 10:23:47", "elapsed": 171.953472, "delta": 22.654597}}
{"target": 0.03963918909596704, "params": {"alpha": 0.16414801951476027, "beta": 0.2614871276887694, "topK": 371.0614550753525}, "datetime": {"datetime": "2020-11-18 10:24:09", "elapsed": 193.7831, "delta": 21.829628}}
{"target": 0.021992841983714505, "params": {"alpha": 0.8026374352415842, "beta": 0.7722991785167833, "topK": 441.6951089075893}, "datetime": {"datetime": "2020-11-18 10:24:31", "elapsed": 216.37531, "delta": 22.59221}}
{"target": 0.04665925897005642, "params": {"alpha": 0.6239119993485118, "beta": 0.104226151527444, "topK": 371.3931151746898}, "datetime": {"datetime": "2020-11-18 10:24:53", "elapsed": 238.440079, "delta": 22.064769}}
{"target": 0.02413463767393542, "params": {"alpha": 0.6896861443550473, "beta": 0.6640020361012724, "topK": 371.5156019464682}, "datetime": {"datetime": "2020-11-18 10:25:17", "elapsed": 261.857604, "delta": 23.417525}}
{"target": 0.0387279478078401, "params": {"alpha": 0.7370640057671708, "beta": 0.28946562629471384, "topK": 407.83050721676403}, "datetime": {"datetime": "2020-11-18 10:25:39", "elapsed": 284.341396, "delta": 22.483792}}
{"target": 0.021649149208752164, "params": {"alpha": 0.6618686589603472, "beta": 0.7920425628887849, "topK": 189.7658378286997}, "datetime": {"datetime": "2020-11-18 10:25:59", "elapsed": 304.154811, "delta": 19.813415}}
{"target": 0.045030362140260065, "params": {"alpha": 0.34389393458647266, "beta": 0.15720729622302188, "topK": 441.21090408085115}, "datetime": {"datetime": "2020-11-18 10:26:22", "elapsed": 326.744021, "delta": 22.58921}}
{"target": 0.04471597066705889, "params": {"alpha": 0.7020984464853048, "beta": 0.14877986005965768, "topK": 370.7163522144706}, "datetime": {"datetime": "2020-11-18 10:26:44", "elapsed": 348.542935, "delta": 21.798914}}
{"target": 0.020620480256288654, "params": {"alpha": 0.6804221784292839, "beta": 0.8706816996932946, "topK": 493.17161404125966}, "datetime": {"datetime": "2020-11-18 10:27:07", "elapsed": 371.73993, "delta": 23.196995}}
{"target": 0.04560701794719217, "params": {"alpha": 0.27757367787948556, "beta": 0.1405231916568327, "topK": 370.082601102136}, "datetime": {"datetime": "2020-11-18 10:27:29", "elapsed": 393.736007, "delta": 21.996077}}
{"target": 0.02919198986593001, "params": {"alpha": 0.8035579976355904, "beta": 0.491014783391285, "topK": 370.08830757534196}, "datetime": {"datetime": "2020-11-18 10:27:51", "elapsed": 415.622105, "delta": 21.886098}}
